This is pdfTeX, Version 3.14159265-2.6-1.40.21 (TeX Live 2020/W32TeX) (preloaded format=pdflatex 2021.3.30)  6 OCT 2021 12:31
entering extended mode
 restricted \write18 enabled.
 %&-line parsing enabled.
**thesis.tex
(./thesis.tex
LaTeX2e <2020-10-01> patch level 4
L3 programming layer <2021-02-18>
(c:/Users/ucbtds4/AppData/Roaming/TinyTeX/texmf-dist/tex/latex/base/article.cls
Document Class: article 2020/04/10 v1.4m Standard LaTeX document class
(c:/Users/ucbtds4/AppData/Roaming/TinyTeX/texmf-dist/tex/latex/base/size10.clo
File: size10.clo 2020/04/10 v1.4m Standard LaTeX file (size option)
)
\c@part=\count179
\c@section=\count180
\c@subsection=\count181
\c@subsubsection=\count182
\c@paragraph=\count183
\c@subparagraph=\count184
\c@figure=\count185
\c@table=\count186
\abovecaptionskip=\skip47
\belowcaptionskip=\skip48
\bibindent=\dimen138
)
(c:/Users/ucbtds4/AppData/Roaming/TinyTeX/texmf-dist/tex/latex/amsmath/amsmath.
sty
Package: amsmath 2020/09/23 v2.17i AMS math features
\@mathmargin=\skip49
For additional information on amsmath, use the `?' option.

(c:/Users/ucbtds4/AppData/Roaming/TinyTeX/texmf-dist/tex/latex/amsmath/amstext.
sty
Package: amstext 2000/06/29 v2.01 AMS text

(c:/Users/ucbtds4/AppData/Roaming/TinyTeX/texmf-dist/tex/latex/amsmath/amsgen.s
ty
File: amsgen.sty 1999/11/30 v2.0 generic functions
\@emptytoks=\toks15
\ex@=\dimen139
))
(c:/Users/ucbtds4/AppData/Roaming/TinyTeX/texmf-dist/tex/latex/amsmath/amsbsy.s
ty
Package: amsbsy 1999/11/29 v1.2d Bold Symbols
\pmbraise@=\dimen140
)
(c:/Users/ucbtds4/AppData/Roaming/TinyTeX/texmf-dist/tex/latex/amsmath/amsopn.s
ty
Package: amsopn 2016/03/08 v2.02 operator names
)
\inf@bad=\count187
LaTeX Info: Redefining \frac on input line 234.
\uproot@=\count188
\leftroot@=\count189
LaTeX Info: Redefining \overline on input line 399.
\classnum@=\count190
\DOTSCASE@=\count191
LaTeX Info: Redefining \ldots on input line 496.
LaTeX Info: Redefining \dots on input line 499.
LaTeX Info: Redefining \cdots on input line 620.
\Mathstrutbox@=\box47
\strutbox@=\box48
\big@size=\dimen141
LaTeX Font Info:    Redeclaring font encoding OML on input line 743.
LaTeX Font Info:    Redeclaring font encoding OMS on input line 744.
\macc@depth=\count192
\c@MaxMatrixCols=\count193
\dotsspace@=\muskip16
\c@parentequation=\count194
\dspbrk@lvl=\count195
\tag@help=\toks16
\row@=\count196
\column@=\count197
\maxfields@=\count198
\andhelp@=\toks17
\eqnshift@=\dimen142
\alignsep@=\dimen143
\tagshift@=\dimen144
\tagwidth@=\dimen145
\totwidth@=\dimen146
\lineht@=\dimen147
\@envbody=\toks18
\multlinegap=\skip50
\multlinetaggap=\skip51
\mathdisplay@stack=\toks19
LaTeX Info: Redefining \[ on input line 2923.
LaTeX Info: Redefining \] on input line 2924.
)
(c:/Users/ucbtds4/AppData/Roaming/TinyTeX/texmf-dist/tex/latex/amsfonts/amssymb
.sty
Package: amssymb 2013/01/14 v3.01 AMS font symbols

(c:/Users/ucbtds4/AppData/Roaming/TinyTeX/texmf-dist/tex/latex/amsfonts/amsfont
s.sty
Package: amsfonts 2013/01/14 v3.01 Basic AMSFonts support
\symAMSa=\mathgroup4
\symAMSb=\mathgroup5
LaTeX Font Info:    Redeclaring math symbol \hbar on input line 98.
LaTeX Font Info:    Overwriting math alphabet `\mathfrak' in version `bold'
(Font)                  U/euf/m/n --> U/euf/b/n on input line 106.
)) (c:/Users/ucbtds4/AppData/Roaming/TinyTeX/texmf-dist/tex/latex/lm/lmodern.st
y
Package: lmodern 2009/10/30 v1.6 Latin Modern Fonts
LaTeX Font Info:    Overwriting symbol font `operators' in version `normal'
(Font)                  OT1/cmr/m/n --> OT1/lmr/m/n on input line 22.
LaTeX Font Info:    Overwriting symbol font `letters' in version `normal'
(Font)                  OML/cmm/m/it --> OML/lmm/m/it on input line 23.
LaTeX Font Info:    Overwriting symbol font `symbols' in version `normal'
(Font)                  OMS/cmsy/m/n --> OMS/lmsy/m/n on input line 24.
LaTeX Font Info:    Overwriting symbol font `largesymbols' in version `normal'
(Font)                  OMX/cmex/m/n --> OMX/lmex/m/n on input line 25.
LaTeX Font Info:    Overwriting symbol font `operators' in version `bold'
(Font)                  OT1/cmr/bx/n --> OT1/lmr/bx/n on input line 26.
LaTeX Font Info:    Overwriting symbol font `letters' in version `bold'
(Font)                  OML/cmm/b/it --> OML/lmm/b/it on input line 27.
LaTeX Font Info:    Overwriting symbol font `symbols' in version `bold'
(Font)                  OMS/cmsy/b/n --> OMS/lmsy/b/n on input line 28.
LaTeX Font Info:    Overwriting symbol font `largesymbols' in version `bold'
(Font)                  OMX/cmex/m/n --> OMX/lmex/m/n on input line 29.
LaTeX Font Info:    Overwriting math alphabet `\mathbf' in version `normal'
(Font)                  OT1/cmr/bx/n --> OT1/lmr/bx/n on input line 31.
LaTeX Font Info:    Overwriting math alphabet `\mathsf' in version `normal'
(Font)                  OT1/cmss/m/n --> OT1/lmss/m/n on input line 32.
LaTeX Font Info:    Overwriting math alphabet `\mathit' in version `normal'
(Font)                  OT1/cmr/m/it --> OT1/lmr/m/it on input line 33.
LaTeX Font Info:    Overwriting math alphabet `\mathtt' in version `normal'
(Font)                  OT1/cmtt/m/n --> OT1/lmtt/m/n on input line 34.
LaTeX Font Info:    Overwriting math alphabet `\mathbf' in version `bold'
(Font)                  OT1/cmr/bx/n --> OT1/lmr/bx/n on input line 35.
LaTeX Font Info:    Overwriting math alphabet `\mathsf' in version `bold'
(Font)                  OT1/cmss/bx/n --> OT1/lmss/bx/n on input line 36.
LaTeX Font Info:    Overwriting math alphabet `\mathit' in version `bold'
(Font)                  OT1/cmr/bx/it --> OT1/lmr/bx/it on input line 37.
LaTeX Font Info:    Overwriting math alphabet `\mathtt' in version `bold'
(Font)                  OT1/cmtt/m/n --> OT1/lmtt/m/n on input line 38.
)
(c:/Users/ucbtds4/AppData/Roaming/TinyTeX/texmf-dist/tex/generic/iftex/iftex.st
y
Package: iftex 2020/03/06 v1.0d TeX engine tests
)
(c:/Users/ucbtds4/AppData/Roaming/TinyTeX/texmf-dist/tex/latex/base/fontenc.sty
Package: fontenc 2020/08/10 v2.0s Standard LaTeX package
LaTeX Font Info:    Trying to load font information for T1+lmr on input line 11
2.
(c:/Users/ucbtds4/AppData/Roaming/TinyTeX/texmf-dist/tex/latex/lm/t1lmr.fd
File: t1lmr.fd 2009/10/30 v1.6 Font defs for Latin Modern
))
(c:/Users/ucbtds4/AppData/Roaming/TinyTeX/texmf-dist/tex/latex/base/inputenc.st
y
Package: inputenc 2020/08/01 v1.3d Input encoding file
\inpenc@prehook=\toks20
\inpenc@posthook=\toks21
)
(c:/Users/ucbtds4/AppData/Roaming/TinyTeX/texmf-dist/tex/latex/base/textcomp.st
y
Package: textcomp 2020/02/02 v2.0n Standard LaTeX package
)
(c:/Users/ucbtds4/AppData/Roaming/TinyTeX/texmf-dist/tex/latex/xcolor/xcolor.st
y
Package: xcolor 2016/05/11 v2.12 LaTeX color extensions (UK)

(c:/Users/ucbtds4/AppData/Roaming/TinyTeX/texmf-dist/tex/latex/graphics-cfg/col
or.cfg
File: color.cfg 2016/01/02 v1.6 sample color configuration
)
Package xcolor Info: Driver file: pdftex.def on input line 225.

(c:/Users/ucbtds4/AppData/Roaming/TinyTeX/texmf-dist/tex/latex/graphics-def/pdf
tex.def
File: pdftex.def 2020/10/05 v1.2a Graphics/color driver for pdftex
)
Package xcolor Info: Model `cmy' substituted by `cmy0' on input line 1348.
Package xcolor Info: Model `hsb' substituted by `rgb' on input line 1352.
Package xcolor Info: Model `RGB' extended on input line 1364.
Package xcolor Info: Model `HTML' substituted by `rgb' on input line 1366.
Package xcolor Info: Model `Hsb' substituted by `hsb' on input line 1367.
Package xcolor Info: Model `tHsb' substituted by `hsb' on input line 1368.
Package xcolor Info: Model `HSB' substituted by `hsb' on input line 1369.
Package xcolor Info: Model `Gray' substituted by `gray' on input line 1370.
Package xcolor Info: Model `wave' substituted by `hsb' on input line 1371.
)
(c:/Users/ucbtds4/AppData/Roaming/TinyTeX/texmf-dist/tex/latex/hyperref/hyperre
f.sty
Package: hyperref 2021-02-27 v7.00k Hypertext links for LaTeX

(c:/Users/ucbtds4/AppData/Roaming/TinyTeX/texmf-dist/tex/generic/ltxcmds/ltxcmd
s.sty
Package: ltxcmds 2020-05-10 v1.25 LaTeX kernel commands for general use (HO)
)
(c:/Users/ucbtds4/AppData/Roaming/TinyTeX/texmf-dist/tex/generic/pdftexcmds/pdf
texcmds.sty
Package: pdftexcmds 2020-06-27 v0.33 Utility functions of pdfTeX for LuaTeX (HO
)

(c:/Users/ucbtds4/AppData/Roaming/TinyTeX/texmf-dist/tex/generic/infwarerr/infw
arerr.sty
Package: infwarerr 2019/12/03 v1.5 Providing info/warning/error messages (HO)
)
Package pdftexcmds Info: \pdf@primitive is available.
Package pdftexcmds Info: \pdf@ifprimitive is available.
Package pdftexcmds Info: \pdfdraftmode found.
)
(c:/Users/ucbtds4/AppData/Roaming/TinyTeX/texmf-dist/tex/latex/graphics/keyval.
sty
Package: keyval 2014/10/28 v1.15 key=value parser (DPC)
\KV@toks@=\toks22
)
(c:/Users/ucbtds4/AppData/Roaming/TinyTeX/texmf-dist/tex/generic/kvsetkeys/kvse
tkeys.sty
Package: kvsetkeys 2019/12/15 v1.18 Key value parser (HO)
)
(c:/Users/ucbtds4/AppData/Roaming/TinyTeX/texmf-dist/tex/generic/kvdefinekeys/k
vdefinekeys.sty
Package: kvdefinekeys 2019-12-19 v1.6 Define keys (HO)
)
(c:/Users/ucbtds4/AppData/Roaming/TinyTeX/texmf-dist/tex/generic/pdfescape/pdfe
scape.sty
Package: pdfescape 2019/12/09 v1.15 Implements pdfTeX's escape features (HO)
)
(c:/Users/ucbtds4/AppData/Roaming/TinyTeX/texmf-dist/tex/latex/hycolor/hycolor.
sty
Package: hycolor 2020-01-27 v1.10 Color options for hyperref/bookmark (HO)
)
(c:/Users/ucbtds4/AppData/Roaming/TinyTeX/texmf-dist/tex/latex/letltxmacro/letl
txmacro.sty
Package: letltxmacro 2019/12/03 v1.6 Let assignment for LaTeX macros (HO)
)
(c:/Users/ucbtds4/AppData/Roaming/TinyTeX/texmf-dist/tex/latex/auxhook/auxhook.
sty
Package: auxhook 2019-12-17 v1.6 Hooks for auxiliary files (HO)
)
(c:/Users/ucbtds4/AppData/Roaming/TinyTeX/texmf-dist/tex/latex/kvoptions/kvopti
ons.sty
Package: kvoptions 2020-10-07 v3.14 Key value format for package options (HO)
)
\@linkdim=\dimen148
\Hy@linkcounter=\count199
\Hy@pagecounter=\count266

(c:/Users/ucbtds4/AppData/Roaming/TinyTeX/texmf-dist/tex/latex/hyperref/pd1enc.
def
File: pd1enc.def 2021-02-27 v7.00k Hyperref: PDFDocEncoding definition (HO)
Now handling font encoding PD1 ...
... no UTF-8 mapping file for font encoding PD1
)
(c:/Users/ucbtds4/AppData/Roaming/TinyTeX/texmf-dist/tex/latex/hyperref/hyperre
f-langpatches.def
File: hyperref-langpatches.def 2021-02-27 v7.00k Hyperref: patches for babel la
nguages
)
(c:/Users/ucbtds4/AppData/Roaming/TinyTeX/texmf-dist/tex/generic/intcalc/intcal
c.sty
Package: intcalc 2019/12/15 v1.3 Expandable calculations with integers (HO)
)
(c:/Users/ucbtds4/AppData/Roaming/TinyTeX/texmf-dist/tex/generic/etexcmds/etexc
mds.sty
Package: etexcmds 2019/12/15 v1.7 Avoid name clashes with e-TeX commands (HO)
)
\Hy@SavedSpaceFactor=\count267

(c:/Users/ucbtds4/AppData/Roaming/TinyTeX/texmf-dist/tex/latex/hyperref/puenc.d
ef
File: puenc.def 2021-02-27 v7.00k Hyperref: PDF Unicode definition (HO)
Now handling font encoding PU ...
... no UTF-8 mapping file for font encoding PU
)
Package hyperref Info: Option `unicode' set `true' on input line 4073.
Package hyperref Info: Hyper figures OFF on input line 4192.
Package hyperref Info: Link nesting OFF on input line 4197.
Package hyperref Info: Hyper index ON on input line 4200.
Package hyperref Info: Plain pages OFF on input line 4207.
Package hyperref Info: Backreferencing OFF on input line 4212.
Package hyperref Info: Implicit mode ON; LaTeX internals redefined.
Package hyperref Info: Bookmarks ON on input line 4445.
\c@Hy@tempcnt=\count268
(c:/Users/ucbtds4/AppData/Roaming/TinyTeX/texmf-dist/tex/latex/url/url.sty
\Urlmuskip=\muskip17
Package: url 2013/09/16  ver 3.4  Verb mode for urls, etc.
)
LaTeX Info: Redefining \url on input line 4804.
\XeTeXLinkMargin=\dimen149

(c:/Users/ucbtds4/AppData/Roaming/TinyTeX/texmf-dist/tex/generic/bitset/bitset.
sty
Package: bitset 2019/12/09 v1.3 Handle bit-vector datatype (HO)

(c:/Users/ucbtds4/AppData/Roaming/TinyTeX/texmf-dist/tex/generic/bigintcalc/big
intcalc.sty
Package: bigintcalc 2019/12/15 v1.5 Expandable calculations on big integers (HO
)
))
\Fld@menulength=\count269
\Field@Width=\dimen150
\Fld@charsize=\dimen151
Package hyperref Info: Hyper figures OFF on input line 6075.
Package hyperref Info: Link nesting OFF on input line 6080.
Package hyperref Info: Hyper index ON on input line 6083.
Package hyperref Info: backreferencing OFF on input line 6090.
Package hyperref Info: Link coloring OFF on input line 6095.
Package hyperref Info: Link coloring with OCG OFF on input line 6100.
Package hyperref Info: PDF/A mode OFF on input line 6105.
LaTeX Info: Redefining \ref on input line 6145.
LaTeX Info: Redefining \pageref on input line 6149.

(c:/Users/ucbtds4/AppData/Roaming/TinyTeX/texmf-dist/tex/latex/base/atbegshi-lt
x.sty
Package: atbegshi-ltx 2020/08/17 v1.0a Emulation of the original atbegshi packa
ge
with kernel methods
)
\Hy@abspage=\count270
\c@Item=\count271
\c@Hfootnote=\count272
)
Package hyperref Info: Driver (autodetected): hpdftex.

(c:/Users/ucbtds4/AppData/Roaming/TinyTeX/texmf-dist/tex/latex/hyperref/hpdftex
.def
File: hpdftex.def 2021-02-27 v7.00k Hyperref driver for pdfTeX

(c:/Users/ucbtds4/AppData/Roaming/TinyTeX/texmf-dist/tex/latex/base/atveryend-l
tx.sty
Package: atveryend-ltx 2020/08/19 v1.0a Emulation of the original atvery packag
e
with kernel methods
)
\Fld@listcount=\count273
\c@bookmark@seq@number=\count274

(c:/Users/ucbtds4/AppData/Roaming/TinyTeX/texmf-dist/tex/latex/rerunfilecheck/r
erunfilecheck.sty
Package: rerunfilecheck 2019/12/05 v1.9 Rerun checks for auxiliary files (HO)

(c:/Users/ucbtds4/AppData/Roaming/TinyTeX/texmf-dist/tex/generic/uniquecounter/
uniquecounter.sty
Package: uniquecounter 2019/12/15 v1.4 Provide unlimited unique counter (HO)
)
Package uniquecounter Info: New unique counter `rerunfilecheck' on input line 2
86.
)
\Hy@SectionHShift=\skip52
)
(c:/Users/ucbtds4/AppData/Roaming/TinyTeX/texmf-dist/tex/latex/geometry/geometr
y.sty
Package: geometry 2020/01/02 v5.9 Page Geometry

(c:/Users/ucbtds4/AppData/Roaming/TinyTeX/texmf-dist/tex/generic/iftex/ifvtex.s
ty
Package: ifvtex 2019/10/25 v1.7 ifvtex legacy package. Use iftex instead.
)
\Gm@cnth=\count275
\Gm@cntv=\count276
\c@Gm@tempcnt=\count277
\Gm@bindingoffset=\dimen152
\Gm@wd@mp=\dimen153
\Gm@odd@mp=\dimen154
\Gm@even@mp=\dimen155
\Gm@layoutwidth=\dimen156
\Gm@layoutheight=\dimen157
\Gm@layouthoffset=\dimen158
\Gm@layoutvoffset=\dimen159
\Gm@dimlist=\toks23
)
(c:/Users/ucbtds4/AppData/Roaming/TinyTeX/texmf-dist/tex/latex/tools/longtable.
sty
Package: longtable 2020/01/07 v4.13 Multi-page Table package (DPC)
\LTleft=\skip53
\LTright=\skip54
\LTpre=\skip55
\LTpost=\skip56
\LTchunksize=\count278
\LTcapwidth=\dimen160
\LT@head=\box49
\LT@firsthead=\box50
\LT@foot=\box51
\LT@lastfoot=\box52
\LT@cols=\count279
\LT@rows=\count280
\c@LT@tables=\count281
\c@LT@chunks=\count282
\LT@p@ftn=\toks24
)
(c:/Users/ucbtds4/AppData/Roaming/TinyTeX/texmf-dist/tex/latex/booktabs/booktab
s.sty
Package: booktabs 2020/01/12 v1.61803398 Publication quality tables
\heavyrulewidth=\dimen161
\lightrulewidth=\dimen162
\cmidrulewidth=\dimen163
\belowrulesep=\dimen164
\belowbottomsep=\dimen165
\aboverulesep=\dimen166
\abovetopsep=\dimen167
\cmidrulesep=\dimen168
\cmidrulekern=\dimen169
\defaultaddspace=\dimen170
\@cmidla=\count283
\@cmidlb=\count284
\@aboverulesep=\dimen171
\@belowrulesep=\dimen172
\@thisruleclass=\count285
\@lastruleclass=\count286
\@thisrulewidth=\dimen173
) (c:/Users/ucbtds4/AppData/Roaming/TinyTeX/texmf-dist/tex/latex/tools/array.st
y
Package: array 2020/10/01 v2.5c Tabular extension package (FMi)
\col@sep=\dimen174
\ar@mcellbox=\box53
\extrarowheight=\dimen175
\NC@list=\toks25
\extratabsurround=\skip57
\backup@length=\skip58
\ar@cellbox=\box54
) (c:/Users/ucbtds4/AppData/Roaming/TinyTeX/texmf-dist/tex/latex/tools/calc.sty
Package: calc 2017/05/25 v4.3 Infix arithmetic (KKT,FJ)
\calc@Acount=\count287
\calc@Bcount=\count288
\calc@Adimen=\dimen176
\calc@Bdimen=\dimen177
\calc@Askip=\skip59
\calc@Bskip=\skip60
LaTeX Info: Redefining \setlength on input line 80.
LaTeX Info: Redefining \addtolength on input line 81.
\calc@Ccount=\count289
\calc@Cskip=\skip61
)
(c:/Users/ucbtds4/AppData/Roaming/TinyTeX/texmf-dist/tex/latex/etoolbox/etoolbo
x.sty
Package: etoolbox 2020/10/05 v2.5k e-TeX tools for LaTeX (JAW)
\etb@tempcnta=\count290
)
(c:/Users/ucbtds4/AppData/Roaming/TinyTeX/texmf-dist/tex/latex/mdwtools/footnot
e.sty
Package: footnote 1997/01/28 1.13 Save footnotes around boxes
\fn@notes=\box55
\fn@width=\dimen178
)
(c:/Users/ucbtds4/AppData/Roaming/TinyTeX/texmf-dist/tex/latex/graphics/graphic
x.sty
Package: graphicx 2020/09/09 v1.2b Enhanced LaTeX Graphics (DPC,SPQR)

(c:/Users/ucbtds4/AppData/Roaming/TinyTeX/texmf-dist/tex/latex/graphics/graphic
s.sty
Package: graphics 2020/08/30 v1.4c Standard LaTeX Graphics (DPC,SPQR)

(c:/Users/ucbtds4/AppData/Roaming/TinyTeX/texmf-dist/tex/latex/graphics/trig.st
y
Package: trig 2016/01/03 v1.10 sin cos tan (DPC)
)
(c:/Users/ucbtds4/AppData/Roaming/TinyTeX/texmf-dist/tex/latex/graphics-cfg/gra
phics.cfg
File: graphics.cfg 2016/06/04 v1.11 sample graphics configuration
)
Package graphics Info: Driver file: pdftex.def on input line 105.
)
\Gin@req@height=\dimen179
\Gin@req@width=\dimen180
)
\cslhangindent=\skip62
\csllabelwidth=\skip63
\cslentryspacingunit=\skip64

(c:/Users/ucbtds4/AppData/Roaming/TinyTeX/texmf-dist/tex/latex/setspace/setspac
e.sty
Package: setspace 2011/12/19 v6.7a set line spacing
)
Package hyperref Info: Option `colorlinks' set `true' on input line 99.

(c:/Users/ucbtds4/AppData/Roaming/TinyTeX/texmf-dist/tex/latex/chngcntr/chngcnt
r.sty
Package: chngcntr 2018/04/09 v1.1a change counter resetting
Package chngcntr Info: \counterwithout already defined.
(chngcntr)             Quitting chngcntr on input line 21.
)
(c:/Users/ucbtds4/AppData/Roaming/TinyTeX/texmf-dist/tex/latex/l3backend/l3back
end-pdftex.def
File: l3backend-pdftex.def 2021-03-18 L3 backend support: PDF output (pdfTeX)
\l__color_backend_stack_int=\count291
\l__pdf_internal_box=\box56
) (./thesis.aux)
\openout1 = `thesis.aux'.

LaTeX Font Info:    Checking defaults for OML/cmm/m/it on input line 106.
LaTeX Font Info:    ... okay on input line 106.
LaTeX Font Info:    Checking defaults for OMS/cmsy/m/n on input line 106.
LaTeX Font Info:    ... okay on input line 106.
LaTeX Font Info:    Checking defaults for OT1/cmr/m/n on input line 106.
LaTeX Font Info:    ... okay on input line 106.
LaTeX Font Info:    Checking defaults for T1/cmr/m/n on input line 106.
LaTeX Font Info:    ... okay on input line 106.
LaTeX Font Info:    Checking defaults for TS1/cmr/m/n on input line 106.
LaTeX Font Info:    ... okay on input line 106.
LaTeX Font Info:    Checking defaults for OMX/cmex/m/n on input line 106.
LaTeX Font Info:    ... okay on input line 106.
LaTeX Font Info:    Checking defaults for U/cmr/m/n on input line 106.
LaTeX Font Info:    ... okay on input line 106.
LaTeX Font Info:    Checking defaults for PD1/pdf/m/n on input line 106.
LaTeX Font Info:    ... okay on input line 106.
LaTeX Font Info:    Checking defaults for PU/pdf/m/n on input line 106.
LaTeX Font Info:    ... okay on input line 106.

(c:/Users/ucbtds4/AppData/Roaming/TinyTeX/texmf-dist/tex/latex/epstopdf-pkg/eps
topdf-base.sty
Package: epstopdf-base 2020-01-24 v2.11 Base part for package epstopdf
Package epstopdf-base Info: Redefining graphics rule for `.eps' on input line 4
85.

(c:/Users/ucbtds4/AppData/Roaming/TinyTeX/texmf-dist/tex/latex/latexconfig/epst
opdf-sys.cfg
File: epstopdf-sys.cfg 2010/07/13 v1.3 Configuration of (r)epstopdf for TeX Liv
e
))
Package hyperref Info: Link coloring ON on input line 106.

(c:/Users/ucbtds4/AppData/Roaming/TinyTeX/texmf-dist/tex/latex/hyperref/nameref
.sty
Package: nameref 2021-04-02 v2.47 Cross-referencing by name of section

(c:/Users/ucbtds4/AppData/Roaming/TinyTeX/texmf-dist/tex/latex/refcount/refcoun
t.sty
Package: refcount 2019/12/15 v3.6 Data extraction from label references (HO)
)
(c:/Users/ucbtds4/AppData/Roaming/TinyTeX/texmf-dist/tex/generic/gettitlestring
/gettitlestring.sty
Package: gettitlestring 2019/12/15 v1.6 Cleanup title references (HO)
)
\c@section@level=\count292
)
LaTeX Info: Redefining \ref on input line 106.
LaTeX Info: Redefining \pageref on input line 106.
LaTeX Info: Redefining \nameref on input line 106.
(./thesis.out) (./thesis.out)
\@outlinefile=\write3
\openout3 = `thesis.out'.

*geometry* driver: auto-detecting
*geometry* detected driver: pdftex
*geometry* verbose mode - [ preamble ] result:
* driver: pdftex
* paper: <default>
* layout: <same size as paper>
* layoutoffset:(h,v)=(0.0pt,0.0pt)
* modes: 
* h-part:(L,W,R)=(72.26999pt, 469.75502pt, 72.26999pt)
* v-part:(T,H,B)=(72.26999pt, 650.43001pt, 72.26999pt)
* \paperwidth=614.295pt
* \paperheight=794.96999pt
* \textwidth=469.75502pt
* \textheight=650.43001pt
* \oddsidemargin=0.0pt
* \evensidemargin=0.0pt
* \topmargin=-37.0pt
* \headheight=12.0pt
* \headsep=25.0pt
* \topskip=10.0pt
* \footskip=30.0pt
* \marginparwidth=65.0pt
* \marginparsep=11.0pt
* \columnsep=10.0pt
* \skip\footins=9.0pt plus 4.0pt minus 2.0pt
* \hoffset=0.0pt
* \voffset=0.0pt
* \mag=1000
* \@twocolumnfalse
* \@twosidefalse
* \@mparswitchfalse
* \@reversemarginfalse
* (1in=72.27pt=25.4mm, 1cm=28.453pt)

LaTeX Font Info:    Trying to load font information for OT1+lmr on input line 1
08.
(c:/Users/ucbtds4/AppData/Roaming/TinyTeX/texmf-dist/tex/latex/lm/ot1lmr.fd
File: ot1lmr.fd 2009/10/30 v1.6 Font defs for Latin Modern
)
LaTeX Font Info:    Trying to load font information for OML+lmm on input line 1
08.
(c:/Users/ucbtds4/AppData/Roaming/TinyTeX/texmf-dist/tex/latex/lm/omllmm.fd
File: omllmm.fd 2009/10/30 v1.6 Font defs for Latin Modern
)
LaTeX Font Info:    Trying to load font information for OMS+lmsy on input line 
108.
(c:/Users/ucbtds4/AppData/Roaming/TinyTeX/texmf-dist/tex/latex/lm/omslmsy.fd
File: omslmsy.fd 2009/10/30 v1.6 Font defs for Latin Modern
)
LaTeX Font Info:    Trying to load font information for OMX+lmex on input line 
108.
(c:/Users/ucbtds4/AppData/Roaming/TinyTeX/texmf-dist/tex/latex/lm/omxlmex.fd
File: omxlmex.fd 2009/10/30 v1.6 Font defs for Latin Modern
)
LaTeX Font Info:    External font `lmex10' loaded for size
(Font)              <12> on input line 108.
LaTeX Font Info:    External font `lmex10' loaded for size
(Font)              <8> on input line 108.
LaTeX Font Info:    External font `lmex10' loaded for size
(Font)              <6> on input line 108.
LaTeX Font Info:    Trying to load font information for U+msa on input line 108
.

(c:/Users/ucbtds4/AppData/Roaming/TinyTeX/texmf-dist/tex/latex/amsfonts/umsa.fd
File: umsa.fd 2013/01/14 v3.01 AMS symbols A
)
LaTeX Font Info:    Trying to load font information for U+msb on input line 108
.

(c:/Users/ucbtds4/AppData/Roaming/TinyTeX/texmf-dist/tex/latex/amsfonts/umsb.fd
File: umsb.fd 2013/01/14 v3.01 AMS symbols B
) (./thesis.toc
LaTeX Font Info:    External font `lmex10' loaded for size
(Font)              <10> on input line 2.
LaTeX Font Info:    External font `lmex10' loaded for size
(Font)              <7> on input line 2.
LaTeX Font Info:    External font `lmex10' loaded for size
(Font)              <5> on input line 2.
[1

{c:/Users/ucbtds4/AppData/Roaming/TinyTeX/texmf-var/fonts/map/pdftex/updmap/pdf
tex.map}] [2])
\tf@toc=\write4
\openout4 = `thesis.toc'.

[3] [4]
<appraisal_figures/system_dynamics_zoonoses.png, id=333, 659.5842pt x 406.6392p
t>
File: appraisal_figures/system_dynamics_zoonoses.png Graphic file (type png)
<use appraisal_figures/system_dynamics_zoonoses.png>
Package pdftex.def Info: appraisal_figures/system_dynamics_zoonoses.png  used o
n input line 128.
(pdftex.def)             Requested size: 469.7674pt x 289.61555pt.
[5] [6 <./appraisal_figures/system_dynamics_zoonoses.png>] [7] [8]
<appraisal_figures/lassa_cases_mastomys_range.png, id=357, 867.24pt x 867.24pt>

File: appraisal_figures/lassa_cases_mastomys_range.png Graphic file (type png)
<use appraisal_figures/lassa_cases_mastomys_range.png>
Package pdftex.def Info: appraisal_figures/lassa_cases_mastomys_range.png  used
 on input line 156.
(pdftex.def)             Requested size: 469.75827pt x 469.75827pt.
[9] [10 <./appraisal_figures/lassa_cases_mastomys_range.png>] [11] [12] [13]
LaTeX Font Info:    Trying to load font information for T1+lmtt on input line 2
36.
(c:/Users/ucbtds4/AppData/Roaming/TinyTeX/texmf-dist/tex/latex/lm/t1lmtt.fd
File: t1lmtt.fd 2009/10/30 v1.6 Font defs for Latin Modern
) [14] [15] [16] [17]
<appraisal_figures/model_draft_2021-10-04.png, id=444, 2972.10374pt x 3323.4162
4pt>
File: appraisal_figures/model_draft_2021-10-04.png Graphic file (type png)
<use appraisal_figures/model_draft_2021-10-04.png>
Package pdftex.def Info: appraisal_figures/model_draft_2021-10-04.png  used on 
input line 329.
(pdftex.def)             Requested size: 469.74144pt x 525.26645pt.
<appraisal_figures/gantt.png, id=445, 722.7pt x 794.97pt>
File: appraisal_figures/gantt.png Graphic file (type png)
<use appraisal_figures/gantt.png>
Package pdftex.def Info: appraisal_figures/gantt.png  used on input line 339.
(pdftex.def)             Requested size: 469.76045pt x 516.73651pt.

Underfull \hbox (badness 10000) in paragraph at lines 339--340

 []

[18] [19 <./appraisal_figures/model_draft_2021-10-04.png>]
LaTeX Font Info:    Trying to load font information for TS1+lmr on input line 3
46.
(c:/Users/ucbtds4/AppData/Roaming/TinyTeX/texmf-dist/tex/latex/lm/ts1lmr.fd
File: ts1lmr.fd 2009/10/30 v1.6 Font defs for Latin Modern
) [20 <./appraisal_figures/gantt.png>] [21] [22] [23] [24] [25] [26]
<scoping_review_figures/Fig_1_Panel_A.png, id=523, 722.7pt x 578.16pt>
File: scoping_review_figures/Fig_1_Panel_A.png Graphic file (type png)
<use scoping_review_figures/Fig_1_Panel_A.png>
Package pdftex.def Info: scoping_review_figures/Fig_1_Panel_A.png  used on inpu
t line 473.
(pdftex.def)             Requested size: 469.76045pt x 375.80836pt.
<scoping_review_figures/Figure_2.png, id=524, 3613.5pt x 3011.25pt>
File: scoping_review_figures/Figure_2.png Graphic file (type png)
<use scoping_review_figures/Figure_2.png>
Package pdftex.def Info: scoping_review_figures/Figure_2.png  used on input lin
e 486.
(pdftex.def)             Requested size: 469.71635pt x 391.4303pt.
[27] [28 <./scoping_review_figures/Fig_1_Panel_A.png>] [29 <./scoping_review_fi
gures/Figure_2.png>]
<scoping_review_figures/Figure_3.png, id=545, 1228.59pt x 722.7pt>
File: scoping_review_figures/Figure_3.png Graphic file (type png)
<use scoping_review_figures/Figure_3.png>
Package pdftex.def Info: scoping_review_figures/Figure_3.png  used on input lin
e 494.
(pdftex.def)             Requested size: 469.75606pt x 276.32709pt.
[30 <./scoping_review_figures/Figure_3.png>]
<scoping_review_figures/Figure_4.png, id=553, 1011.78pt x 1300.86pt>
File: scoping_review_figures/Figure_4.png Graphic file (type png)
<use scoping_review_figures/Figure_4.png>
Package pdftex.def Info: scoping_review_figures/Figure_4.png  used on input lin
e 509.
(pdftex.def)             Requested size: 469.76266pt x 603.98058pt.

LaTeX Warning: Float too large for page by 26.05057pt on input line 511.

[31] [32 <./scoping_review_figures/Figure_4.png>]
<scoping_review_figures/Figure_5_combined.png, id=567, 7227.0pt x 3613.5pt>
File: scoping_review_figures/Figure_5_combined.png Graphic file (type png)
<use scoping_review_figures/Figure_5_combined.png>
Package pdftex.def Info: scoping_review_figures/Figure_5_combined.png  used on 
input line 526.
(pdftex.def)             Requested size: 469.66122pt x 234.83061pt.
[33]
<scoping_review_figures/Figure_6.png, id=573, 1011.78pt x 867.24pt>
File: scoping_review_figures/Figure_6.png Graphic file (type png)
<use scoping_review_figures/Figure_6.png>
Package pdftex.def Info: scoping_review_figures/Figure_6.png  used on input lin
e 539.
(pdftex.def)             Requested size: 469.76266pt x 402.65372pt.
[34 <./scoping_review_figures/Figure_5_combined.png>] [35 <./scoping_review_fig
ures/Figure_6.png>] [36] [37] [38] [39]
<protocol_figures/village_traps.png, id=616, 2409.0pt x 3011.25pt>
File: protocol_figures/village_traps.png Graphic file (type png)
<use protocol_figures/village_traps.png>
Package pdftex.def Info: protocol_figures/village_traps.png  used on input line
 634.
(pdftex.def)             Requested size: 469.73474pt x 587.16843pt.
[40] [41 <./protocol_figures/village_traps.png>] [42] [43] [44] [45] [46] [47] 
[48] [49]
<visit_reports_figures/villages_plots.png, id=711, 7227.0pt x 2409.0pt>
File: visit_reports_figures/villages_plots.png Graphic file (type png)
<use visit_reports_figures/villages_plots.png>
Package pdftex.def Info: visit_reports_figures/villages_plots.png  used on inpu
t line 1204.
(pdftex.def)             Requested size: 469.66122pt x 156.55374pt.
[50 <./visit_reports_figures/villages_plots.png>]
<visit_reports_figures/sites_in_habitats_c.png, id=718, 1806.75pt x 1117.17375p
t>
File: visit_reports_figures/sites_in_habitats_c.png Graphic file (type png)
<use visit_reports_figures/sites_in_habitats_c.png>
Package pdftex.def Info: visit_reports_figures/sites_in_habitats_c.png  used on
 input line 1214.
(pdftex.def)             Requested size: 469.74393pt x 290.45833pt.
<visit_reports_figures/trap_plots.png, id=719, 3613.5pt x 2409.0pt>
File: visit_reports_figures/trap_plots.png Graphic file (type png)
<use visit_reports_figures/trap_plots.png>
Package pdftex.def Info: visit_reports_figures/trap_plots.png  used on input li
ne 1222.
(pdftex.def)             Requested size: 469.71635pt x 313.14424pt.
[51 <./visit_reports_figures/sites_in_habitats_c.png>] [52 <./visit_reports_fig
ures/trap_plots.png>]
<visit_reports_figures/species_caught.png, id=732, 3592.42125pt x 3449.88875pt>

File: visit_reports_figures/species_caught.png Graphic file (type png)
<use visit_reports_figures/species_caught.png>
Package pdftex.def Info: visit_reports_figures/species_caught.png  used on inpu
t line 1232.
(pdftex.def)             Requested size: 469.71713pt x 451.0807pt.
[53 <./visit_reports_figures/species_caught.png>]
<visit_reports_figures/species_accumulation.png, id=739, 3592.42125pt x 3449.88
875pt>
File: visit_reports_figures/species_accumulation.png Graphic file (type png)
<use visit_reports_figures/species_accumulation.png>
Package pdftex.def Info: visit_reports_figures/species_accumulation.png  used o
n input line 1242.
(pdftex.def)             Requested size: 469.71713pt x 451.0807pt.
[54 <./visit_reports_figures/species_accumulation.png>]
<visit_reports_figures/species_locations.png, id=746, 3592.42125pt x 3449.88875
pt>
File: visit_reports_figures/species_locations.png Graphic file (type png)
<use visit_reports_figures/species_locations.png>
Package pdftex.def Info: visit_reports_figures/species_locations.png  used on i
nput line 1252.
(pdftex.def)             Requested size: 469.71713pt x 451.0807pt.
<icreid_poster/poster.pdf, id=748, 2392.94pt x 3383.64125pt>
File: icreid_poster/poster.pdf Graphic file (type pdf)
<use icreid_poster/poster.pdf>
Package pdftex.def Info: icreid_poster/poster.pdf  used on input line 1263.
(pdftex.def)             Requested size: 459.95775pt x 650.3849pt.

LaTeX Warning: Float too large for page by 23.89932pt on input line 1265.

[55 <./visit_reports_figures/species_locations.png>] [56] [57 <./icreid_poster/
poster.pdf>] [58] [59] [60]
Underfull \hbox (badness 2158) in paragraph at lines 1421--1423
[]\T1/lmr/m/n/10 Jones, B.A. \T1/lmr/m/it/10 et al. \T1/lmr/m/n/10 (2013) `Zoon
o-sis emer-gence linked to agri-cul-tural in-ten-si-fi-ca-tion and en-vi-
 []


Underfull \hbox (badness 1924) in paragraph at lines 1421--1423
\T1/lmr/m/n/10 ron-men-tal change', \T1/lmr/m/it/10 Pro-ceed-ings of the Na-tio
nal Academy of Sci-ences\T1/lmr/m/n/10 , 110(21), pp. 8399--8404.
 []

[61]
Underfull \hbox (badness 1540) in paragraph at lines 1487--1489
\T1/lmr/m/it/10 Philo-soph-i-cal Trans-ac-tions of the Royal So-ci-ety B: Bi-o-
log-i-cal Sci-ences\T1/lmr/m/n/10 , 374(1782), p. 20180336.
 []

[62] [63] [64] (./thesis.aux)
Package rerunfilecheck Info: File `thesis.out' has not changed.
(rerunfilecheck)             Checksum: EE91A84833427DB8149A79EFA4AC14FB;12866.
 ) 
Here is how much of TeX's memory you used:
 11248 strings out of 480962
 169407 string characters out of 5905732
 472671 words of memory out of 5000000
 27862 multiletter control sequences out of 15000+600000
 468174 words of font info for 72 fonts, out of 8000000 for 9000
 14 hyphenation exceptions out of 8191
 71i,6n,74p,4039b,533s stack positions out of 5000i,500n,10000p,200000b,80000s
{c:/Users/ucbtds4/AppData/Roaming/TinyTeX/texmf-dist/fonts/enc/dvips/lm/lm-ec
.enc}{c:/Users/ucbtds4/AppData/Roaming/TinyTeX/texmf-dist/fonts/enc/dvips/lm/lm
-rm.enc}{c:/Users/ucbtds4/AppData/Roaming/TinyTeX/texmf-dist/fonts/enc/dvips/lm
/lm-mathit.enc}{c:/Users/ucbtds4/AppData/Roaming/TinyTeX/texmf-dist/fonts/enc/d
vips/lm/lm-mathsy.enc}{c:/Users/ucbtds4/AppData/Roaming/TinyTeX/texmf-dist/font
s/enc/dvips/lm/lm-ts1.enc}<c:/Users/ucbtds4/AppData/Roaming/TinyTeX/texmf-dist/
fonts/type1/public/lm/lmbx10.pfb><c:/Users/ucbtds4/AppData/Roaming/TinyTeX/texm
f-dist/fonts/type1/public/lm/lmbx12.pfb><c:/Users/ucbtds4/AppData/Roaming/TinyT
eX/texmf-dist/fonts/type1/public/lm/lmbxi10.pfb><c:/Users/ucbtds4/AppData/Roami
ng/TinyTeX/texmf-dist/fonts/type1/public/lm/lmmi10.pfb><c:/Users/ucbtds4/AppDat
a/Roaming/TinyTeX/texmf-dist/fonts/type1/public/lm/lmr10.pfb><c:/Users/ucbtds4/
AppData/Roaming/TinyTeX/texmf-dist/fonts/type1/public/lm/lmr17.pfb><c:/Users/uc
btds4/AppData/Roaming/TinyTeX/texmf-dist/fonts/type1/public/lm/lmr7.pfb><c:/Use
rs/ucbtds4/AppData/Roaming/TinyTeX/texmf-dist/fonts/type1/public/lm/lmri10.pfb>
<c:/Users/ucbtds4/AppData/Roaming/TinyTeX/texmf-dist/fonts/type1/public/lm/lmri
7.pfb><c:/Users/ucbtds4/AppData/Roaming/TinyTeX/texmf-dist/fonts/type1/public/l
m/lmsy10.pfb><c:/Users/ucbtds4/AppData/Roaming/TinyTeX/texmf-dist/fonts/type1/p
ublic/lm/lmtt10.pfb>
Output written on thesis.pdf (64 pages, 11725469 bytes).
PDF statistics:
 1234 PDF objects out of 1440 (max. 8388607)
 1070 compressed objects within 11 object streams
 384 named destinations out of 1000 (max. 500000)
 563 words of extra memory for PDF output out of 10000 (max. 10000000)

