This is XeTeX, Version 3.141592653-2.6-0.999995 (TeX Live 2023) (preloaded format=xelatex 2023.7.12)  24 JUL 2023 11:52
entering extended mode
 restricted \write18 enabled.
 %&-line parsing enabled.
**thesis.tex
(./thesis.tex
LaTeX2e <2023-06-01> patch level 1
L3 programming layer <2023-06-30>
(c:/Users/ucbtds4/AppData/Roaming/TinyTeX/texmf-dist/tex/latex/base/article.cls
Document Class: article 2023/05/17 v1.4n Standard LaTeX document class
(c:/Users/ucbtds4/AppData/Roaming/TinyTeX/texmf-dist/tex/latex/base/size10.clo
File: size10.clo 2023/05/17 v1.4n Standard LaTeX file (size option)
)
\c@part=\count181
\c@section=\count182
\c@subsection=\count183
\c@subsubsection=\count184
\c@paragraph=\count185
\c@subparagraph=\count186
\c@figure=\count187
\c@table=\count188
\abovecaptionskip=\skip48
\belowcaptionskip=\skip49
\bibindent=\dimen140
) (c:/Users/ucbtds4/AppData/Roaming/TinyTeX/texmf-dist/tex/latex/amsmath/amsmath.sty
Package: amsmath 2023/05/13 v2.17o AMS math features
\@mathmargin=\skip50
For additional information on amsmath, use the `?' option.
(c:/Users/ucbtds4/AppData/Roaming/TinyTeX/texmf-dist/tex/latex/amsmath/amstext.sty
Package: amstext 2021/08/26 v2.01 AMS text
(c:/Users/ucbtds4/AppData/Roaming/TinyTeX/texmf-dist/tex/latex/amsmath/amsgen.sty
File: amsgen.sty 1999/11/30 v2.0 generic functions
\@emptytoks=\toks17
\ex@=\dimen141
)) (c:/Users/ucbtds4/AppData/Roaming/TinyTeX/texmf-dist/tex/latex/amsmath/amsbsy.sty
Package: amsbsy 1999/11/29 v1.2d Bold Symbols
\pmbraise@=\dimen142
) (c:/Users/ucbtds4/AppData/Roaming/TinyTeX/texmf-dist/tex/latex/amsmath/amsopn.sty
Package: amsopn 2022/04/08 v2.04 operator names
)
\inf@bad=\count189
LaTeX Info: Redefining \frac on input line 234.
\uproot@=\count190
\leftroot@=\count191
LaTeX Info: Redefining \overline on input line 399.
LaTeX Info: Redefining \colon on input line 410.
\classnum@=\count192
\DOTSCASE@=\count193
LaTeX Info: Redefining \ldots on input line 496.
LaTeX Info: Redefining \dots on input line 499.
LaTeX Info: Redefining \cdots on input line 620.
\Mathstrutbox@=\box51
\strutbox@=\box52
LaTeX Info: Redefining \big on input line 722.
LaTeX Info: Redefining \Big on input line 723.
LaTeX Info: Redefining \bigg on input line 724.
LaTeX Info: Redefining \Bigg on input line 725.
\big@size=\dimen143
LaTeX Font Info:    Redeclaring font encoding OML on input line 743.
LaTeX Font Info:    Redeclaring font encoding OMS on input line 744.
\macc@depth=\count194
LaTeX Info: Redefining \bmod on input line 905.
LaTeX Info: Redefining \pmod on input line 910.
LaTeX Info: Redefining \smash on input line 940.
LaTeX Info: Redefining \relbar on input line 970.
LaTeX Info: Redefining \Relbar on input line 971.
\c@MaxMatrixCols=\count195
\dotsspace@=\muskip16
\c@parentequation=\count196
\dspbrk@lvl=\count197
\tag@help=\toks18
\row@=\count198
\column@=\count199
\maxfields@=\count266
\andhelp@=\toks19
\eqnshift@=\dimen144
\alignsep@=\dimen145
\tagshift@=\dimen146
\tagwidth@=\dimen147
\totwidth@=\dimen148
\lineht@=\dimen149
\@envbody=\toks20
\multlinegap=\skip51
\multlinetaggap=\skip52
\mathdisplay@stack=\toks21
LaTeX Info: Redefining \[ on input line 2953.
LaTeX Info: Redefining \] on input line 2954.
) (c:/Users/ucbtds4/AppData/Roaming/TinyTeX/texmf-dist/tex/latex/amsfonts/amssymb.sty
Package: amssymb 2013/01/14 v3.01 AMS font symbols
(c:/Users/ucbtds4/AppData/Roaming/TinyTeX/texmf-dist/tex/latex/amsfonts/amsfonts.sty
Package: amsfonts 2013/01/14 v3.01 Basic AMSFonts support
\symAMSa=\mathgroup4
\symAMSb=\mathgroup5
LaTeX Font Info:    Redeclaring math symbol \hbar on input line 98.
LaTeX Font Info:    Overwriting math alphabet `\mathfrak' in version `bold'
(Font)                  U/euf/m/n --> U/euf/b/n on input line 106.
)) (c:/Users/ucbtds4/AppData/Roaming/TinyTeX/texmf-dist/tex/generic/iftex/iftex.sty
Package: iftex 2022/02/03 v1.0f TeX engine tests
) (c:/Users/ucbtds4/AppData/Roaming/TinyTeX/texmf-dist/tex/latex/unicode-math/unicode-math.sty (c:/Users/ucbtds4/AppData/Roaming/TinyTeX/texmf-dist/tex/latex/l3kernel/expl3.sty
Package: expl3 2023-06-30 L3 programming layer (loader) 
(c:/Users/ucbtds4/AppData/Roaming/TinyTeX/texmf-dist/tex/latex/l3backend/l3backend-xetex.def
File: l3backend-xetex.def 2023-04-19 L3 backend support: XeTeX
\g__graphics_track_int=\count267
\l__pdf_internal_box=\box53
\g__pdf_backend_object_int=\count268
\g__pdf_backend_annotation_int=\count269
\g__pdf_backend_link_int=\count270
))
Package: unicode-math 2020/01/31 v0.8q Unicode maths in XeLaTeX and LuaLaTeX
(c:/Users/ucbtds4/AppData/Roaming/TinyTeX/texmf-dist/tex/latex/unicode-math/unicode-math-xetex.sty
Package: unicode-math-xetex 2020/01/31 v0.8q Unicode maths in XeLaTeX and LuaLaTeX
(c:/Users/ucbtds4/AppData/Roaming/TinyTeX/texmf-dist/tex/latex/l3packages/xparse/xparse.sty
Package: xparse 2023-02-02 L3 Experimental document command parser
) (c:/Users/ucbtds4/AppData/Roaming/TinyTeX/texmf-dist/tex/latex/l3packages/l3keys2e/l3keys2e.sty
Package: l3keys2e 2023-02-02 LaTeX2e option processing using LaTeX3 keys
) (c:/Users/ucbtds4/AppData/Roaming/TinyTeX/texmf-dist/tex/latex/fontspec/fontspec.sty
Package: fontspec 2022/01/15 v2.8a Font selection for XeLaTeX and LuaLaTeX
(c:/Users/ucbtds4/AppData/Roaming/TinyTeX/texmf-dist/tex/latex/fontspec/fontspec-xetex.sty
Package: fontspec-xetex 2022/01/15 v2.8a Font selection for XeLaTeX and LuaLaTeX
\l__fontspec_script_int=\count271
\l__fontspec_language_int=\count272
\l__fontspec_strnum_int=\count273
\l__fontspec_tmp_int=\count274
\l__fontspec_tmpa_int=\count275
\l__fontspec_tmpb_int=\count276
\l__fontspec_tmpc_int=\count277
\l__fontspec_em_int=\count278
\l__fontspec_emdef_int=\count279
\l__fontspec_strong_int=\count280
\l__fontspec_strongdef_int=\count281
\l__fontspec_tmpa_dim=\dimen150
\l__fontspec_tmpb_dim=\dimen151
\l__fontspec_tmpc_dim=\dimen152
(c:/Users/ucbtds4/AppData/Roaming/TinyTeX/texmf-dist/tex/latex/base/fontenc.sty
Package: fontenc 2021/04/29 v2.0v Standard LaTeX package
) (c:/Users/ucbtds4/AppData/Roaming/TinyTeX/texmf-dist/tex/latex/fontspec/fontspec.cfg))) (c:/Users/ucbtds4/AppData/Roaming/TinyTeX/texmf-dist/tex/latex/base/fix-cm.sty
Package: fix-cm 2020/11/24 v1.1t fixes to LaTeX
(c:/Users/ucbtds4/AppData/Roaming/TinyTeX/texmf-dist/tex/latex/base/ts1enc.def
File: ts1enc.def 2001/06/05 v3.0e (jk/car/fm) Standard LaTeX file
LaTeX Font Info:    Redeclaring font encoding TS1 on input line 47.
))
\g__um_fam_int=\count282
\g__um_fonts_used_int=\count283
\l__um_primecount_int=\count284
\g__um_primekern_muskip=\muskip17
(c:/Users/ucbtds4/AppData/Roaming/TinyTeX/texmf-dist/tex/latex/unicode-math/unicode-math-table.tex))) (c:/Users/ucbtds4/AppData/Roaming/TinyTeX/texmf-dist/tex/latex/lm/lmodern.sty
Package: lmodern 2015/05/01 v1.6.1 Latin Modern Fonts
LaTeX Font Info:    Overwriting symbol font `operators' in version `normal'
(Font)                  OT1/cmr/m/n --> OT1/lmr/m/n on input line 22.
LaTeX Font Info:    Overwriting symbol font `letters' in version `normal'
(Font)                  OML/cmm/m/it --> OML/lmm/m/it on input line 23.
LaTeX Font Info:    Overwriting symbol font `symbols' in version `normal'
(Font)                  OMS/cmsy/m/n --> OMS/lmsy/m/n on input line 24.
LaTeX Font Info:    Overwriting symbol font `largesymbols' in version `normal'
(Font)                  OMX/cmex/m/n --> OMX/lmex/m/n on input line 25.
LaTeX Font Info:    Overwriting symbol font `operators' in version `bold'
(Font)                  OT1/cmr/bx/n --> OT1/lmr/bx/n on input line 26.
LaTeX Font Info:    Overwriting symbol font `letters' in version `bold'
(Font)                  OML/cmm/b/it --> OML/lmm/b/it on input line 27.
LaTeX Font Info:    Overwriting symbol font `symbols' in version `bold'
(Font)                  OMS/cmsy/b/n --> OMS/lmsy/b/n on input line 28.
LaTeX Font Info:    Overwriting symbol font `largesymbols' in version `bold'
(Font)                  OMX/cmex/m/n --> OMX/lmex/m/n on input line 29.
LaTeX Font Info:    Overwriting math alphabet `\mathbf' in version `normal'
(Font)                  OT1/cmr/bx/n --> OT1/lmr/bx/n on input line 31.
LaTeX Font Info:    Overwriting math alphabet `\mathsf' in version `normal'
(Font)                  OT1/cmss/m/n --> OT1/lmss/m/n on input line 32.
LaTeX Font Info:    Overwriting math alphabet `\mathit' in version `normal'
(Font)                  OT1/cmr/m/it --> OT1/lmr/m/it on input line 33.
LaTeX Font Info:    Overwriting math alphabet `\mathtt' in version `normal'
(Font)                  OT1/cmtt/m/n --> OT1/lmtt/m/n on input line 34.
LaTeX Font Info:    Overwriting math alphabet `\mathbf' in version `bold'
(Font)                  OT1/cmr/bx/n --> OT1/lmr/bx/n on input line 35.
LaTeX Font Info:    Overwriting math alphabet `\mathsf' in version `bold'
(Font)                  OT1/cmss/bx/n --> OT1/lmss/bx/n on input line 36.
LaTeX Font Info:    Overwriting math alphabet `\mathit' in version `bold'
(Font)                  OT1/cmr/bx/it --> OT1/lmr/bx/it on input line 37.
LaTeX Font Info:    Overwriting math alphabet `\mathtt' in version `bold'
(Font)                  OT1/cmtt/m/n --> OT1/lmtt/m/n on input line 38.
) (c:/Users/ucbtds4/AppData/Roaming/TinyTeX/texmf-dist/tex/latex/upquote/upquote.sty
Package: upquote 2012/04/19 v1.3 upright-quote and grave-accent glyphs in verbatim
(c:/Users/ucbtds4/AppData/Roaming/TinyTeX/texmf-dist/tex/latex/base/textcomp.sty
Package: textcomp 2020/02/02 v2.0n Standard LaTeX package
)) (c:/Users/ucbtds4/AppData/Roaming/TinyTeX/texmf-dist/tex/latex/microtype/microtype.sty
Package: microtype 2023/03/13 v3.1a Micro-typographical refinements (RS)
(c:/Users/ucbtds4/AppData/Roaming/TinyTeX/texmf-dist/tex/latex/graphics/keyval.sty
Package: keyval 2022/05/29 v1.15 key=value parser (DPC)
\KV@toks@=\toks22
) (c:/Users/ucbtds4/AppData/Roaming/TinyTeX/texmf-dist/tex/latex/etoolbox/etoolbox.sty
Package: etoolbox 2020/10/05 v2.5k e-TeX tools for LaTeX (JAW)
\etb@tempcnta=\count285
)
\MT@toks=\toks23
\MT@tempbox=\box54
\MT@count=\count286
LaTeX Info: Redefining \noprotrusionifhmode on input line 1059.
LaTeX Info: Redefining \leftprotrusion on input line 1060.
\MT@prot@toks=\toks24
LaTeX Info: Redefining \rightprotrusion on input line 1078.
LaTeX Info: Redefining \textls on input line 1368.
\MT@outer@kern=\dimen153
LaTeX Info: Redefining \textmicrotypecontext on input line 1988.
\MT@listname@count=\count287
(c:/Users/ucbtds4/AppData/Roaming/TinyTeX/texmf-dist/tex/latex/microtype/microtype-xetex.def
File: microtype-xetex.def 2023/03/13 v3.1a Definitions specific to xetex (RS)
LaTeX Info: Redefining \lsstyle on input line 238.
)
Package microtype Info: Loading configuration file microtype.cfg.
(c:/Users/ucbtds4/AppData/Roaming/TinyTeX/texmf-dist/tex/latex/microtype/microtype.cfg
File: microtype.cfg 2023/03/13 v3.1a microtype main configuration file (RS)
)) (c:/Users/ucbtds4/AppData/Roaming/TinyTeX/texmf-dist/tex/latex/parskip/parskip.sty
Package: parskip 2021-03-14 v2.0h non-zero parskip adjustments
(c:/Users/ucbtds4/AppData/Roaming/TinyTeX/texmf-dist/tex/latex/kvoptions/kvoptions.sty
Package: kvoptions 2022-06-15 v3.15 Key value format for package options (HO)
(c:/Users/ucbtds4/AppData/Roaming/TinyTeX/texmf-dist/tex/generic/ltxcmds/ltxcmds.sty
Package: ltxcmds 2020-05-10 v1.25 LaTeX kernel commands for general use (HO)
) (c:/Users/ucbtds4/AppData/Roaming/TinyTeX/texmf-dist/tex/latex/kvsetkeys/kvsetkeys.sty
Package: kvsetkeys 2022-10-05 v1.19 Key value parser (HO)
))) (c:/Users/ucbtds4/AppData/Roaming/TinyTeX/texmf-dist/tex/latex/xcolor/xcolor.sty
Package: xcolor 2022/06/12 v2.14 LaTeX color extensions (UK)
(c:/Users/ucbtds4/AppData/Roaming/TinyTeX/texmf-dist/tex/latex/graphics-cfg/color.cfg
File: color.cfg 2016/01/02 v1.6 sample color configuration
)
Package xcolor Info: Driver file: xetex.def on input line 227.
(c:/Users/ucbtds4/AppData/Roaming/TinyTeX/texmf-dist/tex/latex/graphics-def/xetex.def
File: xetex.def 2022/09/22 v5.0n Graphics/color driver for xetex
) (c:/Users/ucbtds4/AppData/Roaming/TinyTeX/texmf-dist/tex/latex/graphics/mathcolor.ltx)
Package xcolor Info: Model `cmy' substituted by `cmy0' on input line 1353.
Package xcolor Info: Model `RGB' extended on input line 1369.
Package xcolor Info: Model `HTML' substituted by `rgb' on input line 1371.
Package xcolor Info: Model `Hsb' substituted by `hsb' on input line 1372.
Package xcolor Info: Model `tHsb' substituted by `hsb' on input line 1373.
Package xcolor Info: Model `HSB' substituted by `hsb' on input line 1374.
Package xcolor Info: Model `Gray' substituted by `gray' on input line 1375.
Package xcolor Info: Model `wave' substituted by `hsb' on input line 1376.
) (c:/Users/ucbtds4/AppData/Roaming/TinyTeX/texmf-dist/tex/latex/geometry/geometry.sty
Package: geometry 2020/01/02 v5.9 Page Geometry
(c:/Users/ucbtds4/AppData/Roaming/TinyTeX/texmf-dist/tex/generic/iftex/ifvtex.sty
Package: ifvtex 2019/10/25 v1.7 ifvtex legacy package. Use iftex instead.
)
\Gm@cnth=\count288
\Gm@cntv=\count289
\c@Gm@tempcnt=\count290
\Gm@bindingoffset=\dimen154
\Gm@wd@mp=\dimen155
\Gm@odd@mp=\dimen156
\Gm@even@mp=\dimen157
\Gm@layoutwidth=\dimen158
\Gm@layoutheight=\dimen159
\Gm@layouthoffset=\dimen160
\Gm@layoutvoffset=\dimen161
\Gm@dimlist=\toks25
) (c:/Users/ucbtds4/AppData/Roaming/TinyTeX/texmf-dist/tex/latex/tools/longtable.sty
Package: longtable 2021-09-01 v4.17 Multi-page Table package (DPC)
\LTleft=\skip53
\LTright=\skip54
\LTpre=\skip55
\LTpost=\skip56
\LTchunksize=\count291
\LTcapwidth=\dimen162
\LT@head=\box55
\LT@firsthead=\box56
\LT@foot=\box57
\LT@lastfoot=\box58
\LT@gbox=\box59
\LT@cols=\count292
\LT@rows=\count293
\c@LT@tables=\count294
\c@LT@chunks=\count295
\LT@p@ftn=\toks26
) (c:/Users/ucbtds4/AppData/Roaming/TinyTeX/texmf-dist/tex/latex/booktabs/booktabs.sty
Package: booktabs 2020/01/12 v1.61803398 Publication quality tables
\heavyrulewidth=\dimen163
\lightrulewidth=\dimen164
\cmidrulewidth=\dimen165
\belowrulesep=\dimen166
\belowbottomsep=\dimen167
\aboverulesep=\dimen168
\abovetopsep=\dimen169
\cmidrulesep=\dimen170
\cmidrulekern=\dimen171
\defaultaddspace=\dimen172
\@cmidla=\count296
\@cmidlb=\count297
\@aboverulesep=\dimen173
\@belowrulesep=\dimen174
\@thisruleclass=\count298
\@lastruleclass=\count299
\@thisrulewidth=\dimen175
) (c:/Users/ucbtds4/AppData/Roaming/TinyTeX/texmf-dist/tex/latex/tools/array.sty
Package: array 2022/09/04 v2.5g Tabular extension package (FMi)
\col@sep=\dimen176
\ar@mcellbox=\box60
\extrarowheight=\dimen177
\NC@list=\toks27
\extratabsurround=\skip57
\backup@length=\skip58
\ar@cellbox=\box61
) (c:/Users/ucbtds4/AppData/Roaming/TinyTeX/texmf-dist/tex/latex/tools/calc.sty
Package: calc 2017/05/25 v4.3 Infix arithmetic (KKT,FJ)
\calc@Acount=\count300
\calc@Bcount=\count301
\calc@Adimen=\dimen178
\calc@Bdimen=\dimen179
\calc@Askip=\skip59
\calc@Bskip=\skip60
LaTeX Info: Redefining \setlength on input line 80.
LaTeX Info: Redefining \addtolength on input line 81.
\calc@Ccount=\count302
\calc@Cskip=\skip61
) (c:/Users/ucbtds4/AppData/Roaming/TinyTeX/texmf-dist/tex/latex/mdwtools/footnote.sty
Package: footnote 1997/01/28 1.13 Save footnotes around boxes
\fn@notes=\box62
\fn@width=\dimen180
) (c:/Users/ucbtds4/AppData/Roaming/TinyTeX/texmf-dist/tex/latex/graphics/graphicx.sty
Package: graphicx 2021/09/16 v1.2d Enhanced LaTeX Graphics (DPC,SPQR)
(c:/Users/ucbtds4/AppData/Roaming/TinyTeX/texmf-dist/tex/latex/graphics/graphics.sty
Package: graphics 2022/03/10 v1.4e Standard LaTeX Graphics (DPC,SPQR)
(c:/Users/ucbtds4/AppData/Roaming/TinyTeX/texmf-dist/tex/latex/graphics/trig.sty
Package: trig 2021/08/11 v1.11 sin cos tan (DPC)
) (c:/Users/ucbtds4/AppData/Roaming/TinyTeX/texmf-dist/tex/latex/graphics-cfg/graphics.cfg
File: graphics.cfg 2016/06/04 v1.11 sample graphics configuration
)
Package graphics Info: Driver file: xetex.def on input line 107.
)
\Gin@req@height=\dimen181
\Gin@req@width=\dimen182
)
\cslhangindent=\skip62
\csllabelwidth=\skip63
\cslentryspacingunit=\skip64
(c:/Users/ucbtds4/AppData/Roaming/TinyTeX/texmf-dist/tex/latex/chngcntr/chngcntr.sty
Package: chngcntr 2018/04/09 v1.1a change counter resetting
Package chngcntr Info: \counterwithout already defined.
(chngcntr)             Quitting chngcntr on input line 21.
) (c:/Users/ucbtds4/AppData/Roaming/TinyTeX/texmf-dist/tex/latex/colortbl/colortbl.sty
Package: colortbl 2022/06/20 v1.0f Color table columns (DPC)
\everycr=\toks28
\minrowclearance=\skip65
\rownum=\count303
) (c:/Users/ucbtds4/AppData/Roaming/TinyTeX/texmf-dist/tex/latex/float/float.sty
Package: float 2001/11/08 v1.3d Float enhancements (AL)
\c@float@type=\count304
\float@exts=\toks29
\float@box=\box63
\@float@everytoks=\toks30
\@floatcapt=\box64
) (c:/Users/ucbtds4/AppData/Roaming/TinyTeX/texmf-dist/tex/latex/hyperref/hyperref.sty
Package: hyperref 2023-07-08 v7.01b Hypertext links for LaTeX
(c:/Users/ucbtds4/AppData/Roaming/TinyTeX/texmf-dist/tex/generic/pdftexcmds/pdftexcmds.sty
Package: pdftexcmds 2020-06-27 v0.33 Utility functions of pdfTeX for LuaTeX (HO)
(c:/Users/ucbtds4/AppData/Roaming/TinyTeX/texmf-dist/tex/generic/infwarerr/infwarerr.sty
Package: infwarerr 2019/12/03 v1.5 Providing info/warning/error messages (HO)
)
Package pdftexcmds Info: \pdf@primitive is available.
Package pdftexcmds Info: \pdf@ifprimitive is available.
Package pdftexcmds Info: \pdfdraftmode not found.
) (c:/Users/ucbtds4/AppData/Roaming/TinyTeX/texmf-dist/tex/generic/kvdefinekeys/kvdefinekeys.sty
Package: kvdefinekeys 2019-12-19 v1.6 Define keys (HO)
) (c:/Users/ucbtds4/AppData/Roaming/TinyTeX/texmf-dist/tex/generic/pdfescape/pdfescape.sty
Package: pdfescape 2019/12/09 v1.15 Implements pdfTeX's escape features (HO)
) (c:/Users/ucbtds4/AppData/Roaming/TinyTeX/texmf-dist/tex/latex/hycolor/hycolor.sty
Package: hycolor 2020-01-27 v1.10 Color options for hyperref/bookmark (HO)
) (c:/Users/ucbtds4/AppData/Roaming/TinyTeX/texmf-dist/tex/latex/letltxmacro/letltxmacro.sty
Package: letltxmacro 2019/12/03 v1.6 Let assignment for LaTeX macros (HO)
) (c:/Users/ucbtds4/AppData/Roaming/TinyTeX/texmf-dist/tex/latex/auxhook/auxhook.sty
Package: auxhook 2019-12-17 v1.6 Hooks for auxiliary files (HO)
) (c:/Users/ucbtds4/AppData/Roaming/TinyTeX/texmf-dist/tex/latex/hyperref/nameref.sty
Package: nameref 2023-08-07 v2.53 Cross-referencing by name of section
(c:/Users/ucbtds4/AppData/Roaming/TinyTeX/texmf-dist/tex/latex/refcount/refcount.sty
Package: refcount 2019/12/15 v3.6 Data extraction from label references (HO)
) (c:/Users/ucbtds4/AppData/Roaming/TinyTeX/texmf-dist/tex/generic/gettitlestring/gettitlestring.sty
Package: gettitlestring 2019/12/15 v1.6 Cleanup title references (HO)
)
\c@section@level=\count305
)
\@linkdim=\dimen183
\Hy@linkcounter=\count306
\Hy@pagecounter=\count307
(c:/Users/ucbtds4/AppData/Roaming/TinyTeX/texmf-dist/tex/latex/hyperref/pd1enc.def
File: pd1enc.def 2023-07-08 v7.01b Hyperref: PDFDocEncoding definition (HO)
) (c:/Users/ucbtds4/AppData/Roaming/TinyTeX/texmf-dist/tex/generic/intcalc/intcalc.sty
Package: intcalc 2019/12/15 v1.3 Expandable calculations with integers (HO)
)
\Hy@SavedSpaceFactor=\count308
(c:/Users/ucbtds4/AppData/Roaming/TinyTeX/texmf-dist/tex/latex/hyperref/puenc.def
File: puenc.def 2023-07-08 v7.01b Hyperref: PDF Unicode definition (HO)
)
Package hyperref Info: Option `unicode' set `true' on input line 4050.
Package hyperref Info: Hyper figures OFF on input line 4167.
Package hyperref Info: Link nesting OFF on input line 4172.
Package hyperref Info: Hyper index ON on input line 4175.
Package hyperref Info: Plain pages OFF on input line 4182.
Package hyperref Info: Backreferencing OFF on input line 4187.
Package hyperref Info: Implicit mode ON; LaTeX internals redefined.
Package hyperref Info: Bookmarks ON on input line 4434.
\c@Hy@tempcnt=\count309
(c:/Users/ucbtds4/AppData/Roaming/TinyTeX/texmf-dist/tex/latex/url/url.sty
\Urlmuskip=\muskip18
Package: url 2013/09/16  ver 3.4  Verb mode for urls, etc.
)
LaTeX Info: Redefining \url on input line 4772.
\XeTeXLinkMargin=\dimen184
(c:/Users/ucbtds4/AppData/Roaming/TinyTeX/texmf-dist/tex/generic/bitset/bitset.sty
Package: bitset 2019/12/09 v1.3 Handle bit-vector datatype (HO)
(c:/Users/ucbtds4/AppData/Roaming/TinyTeX/texmf-dist/tex/generic/bigintcalc/bigintcalc.sty
Package: bigintcalc 2019/12/15 v1.5 Expandable calculations on big integers (HO)
))
\Fld@menulength=\count310
\Field@Width=\dimen185
\Fld@charsize=\dimen186
Package hyperref Info: Hyper figures OFF on input line 6051.
Package hyperref Info: Link nesting OFF on input line 6056.
Package hyperref Info: Hyper index ON on input line 6059.
Package hyperref Info: backreferencing OFF on input line 6066.
Package hyperref Info: Link coloring OFF on input line 6071.
Package hyperref Info: Link coloring with OCG OFF on input line 6076.
Package hyperref Info: PDF/A mode OFF on input line 6081.
(c:/Users/ucbtds4/AppData/Roaming/TinyTeX/texmf-dist/tex/latex/base/atbegshi-ltx.sty
Package: atbegshi-ltx 2021/01/10 v1.0c Emulation of the original atbegshi
package with kernel methods
)
\Hy@abspage=\count311
\c@Item=\count312
\c@Hfootnote=\count313
)
Package hyperref Info: Driver (autodetected): hxetex.
(c:/Users/ucbtds4/AppData/Roaming/TinyTeX/texmf-dist/tex/latex/hyperref/hxetex.def
File: hxetex.def 2023-07-08 v7.01b Hyperref driver for XeTeX
(c:/Users/ucbtds4/AppData/Roaming/TinyTeX/texmf-dist/tex/generic/stringenc/stringenc.sty
Package: stringenc 2019/11/29 v1.12 Convert strings between diff. encodings (HO)
)
\pdfm@box=\box65
\c@Hy@AnnotLevel=\count314
\HyField@AnnotCount=\count315
\Fld@listcount=\count316
\c@bookmark@seq@number=\count317
(c:/Users/ucbtds4/AppData/Roaming/TinyTeX/texmf-dist/tex/latex/rerunfilecheck/rerunfilecheck.sty
Package: rerunfilecheck 2022-07-10 v1.10 Rerun checks for auxiliary files (HO)
(c:/Users/ucbtds4/AppData/Roaming/TinyTeX/texmf-dist/tex/latex/base/atveryend-ltx.sty
Package: atveryend-ltx 2020/08/19 v1.0a Emulation of the original atveryend package
with kernel methods
) (c:/Users/ucbtds4/AppData/Roaming/TinyTeX/texmf-dist/tex/generic/uniquecounter/uniquecounter.sty
Package: uniquecounter 2019/12/15 v1.4 Provide unlimited unique counter (HO)
)
Package uniquecounter Info: New unique counter `rerunfilecheck' on input line 285.
)
\Hy@SectionHShift=\skip66
)
Package hyperref Info: Option `colorlinks' set `true' on input line 100.
(c:/Users/ucbtds4/AppData/Roaming/TinyTeX/texmf-dist/tex/latex/makecell/makecell.sty
Package: makecell 2009/08/03 V0.1e Managing of Tab Column Heads and Cells
\rotheadsize=\dimen187
\c@nlinenum=\count318
\TeXr@lab=\toks31
) (c:/Users/ucbtds4/AppData/Roaming/TinyTeX/texmf-dist/tex/latex/multirow/multirow.sty
Package: multirow 2021/03/15 v2.8 Span multiple rows of a table
\multirow@colwidth=\skip67
\multirow@cntb=\count319
\multirow@dima=\skip68
\bigstrutjot=\dimen188
) (c:/Users/ucbtds4/AppData/Roaming/TinyTeX/texmf-dist/tex/generic/ulem/ulem.sty
\UL@box=\box66
\UL@hyphenbox=\box67
\UL@skip=\skip69
\UL@hook=\toks32
\UL@height=\dimen189
\UL@pe=\count320
\UL@pixel=\dimen190
\ULC@box=\box68
Package: ulem 2019/11/18
\ULdepth=\dimen191
) (c:/Users/ucbtds4/AppData/Roaming/TinyTeX/texmf-dist/tex/latex/pdfpages/pdfpages.sty
Package: pdfpages 2022/12/19 v0.5x Insert pages of external PDF documents (AM)
(c:/Users/ucbtds4/AppData/Roaming/TinyTeX/texmf-dist/tex/latex/base/ifthen.sty
Package: ifthen 2022/04/13 v1.1d Standard LaTeX ifthen package (DPC)
) (c:/Users/ucbtds4/AppData/Roaming/TinyTeX/texmf-dist/tex/latex/eso-pic/eso-pic.sty
Package: eso-pic 2023/05/03 v3.0c eso-pic (RN)
\ESO@tempdima=\dimen192
\ESO@tempdimb=\dimen193
)
\AM@pagewidth=\dimen194
\AM@pageheight=\dimen195
\AM@fboxrule=\dimen196
(c:/Users/ucbtds4/AppData/Roaming/TinyTeX/texmf-dist/tex/latex/pdfpages/ppxetex.def
File: ppxetex.def 2022/12/19 v0.5x Pdfpages driver for XeTeX (AM)
)
\pdfpages@includegraphics@status=\count321
\AM@pagebox=\box69
\AM@global@opts=\toks33
\AM@pagecnt=\count322
\AM@toc@title=\toks34
\AM@lof@heading=\toks35
\c@AM@survey=\count323
\AM@templatesizebox=\box70
) (c:/Users/ucbtds4/AppData/Roaming/TinyTeX/texmf-dist/tex/latex/pdflscape/pdflscape.sty
Package: pdflscape 2022-10-27 v0.13 Display of landscape pages in PDF
(c:/Users/ucbtds4/AppData/Roaming/TinyTeX/texmf-dist/tex/latex/pdflscape/pdflscape-nometadata.sty
Package: pdflscape-nometadata 2022-10-28 v0.13 Display of landscape pages in PDF (HO)
(c:/Users/ucbtds4/AppData/Roaming/TinyTeX/texmf-dist/tex/latex/graphics/lscape.sty
Package: lscape 2020/05/28 v3.02 Landscape Pages (DPC)
)
Package pdflscape Info: Auto-detected driver: dvipdfm (xetex) on input line 98.
)) (c:/Users/ucbtds4/AppData/Roaming/TinyTeX/texmf-dist/tex/latex/placeins/placeins.sty
Package: placeins 2005/04/18  v 2.2
) (c:/Users/ucbtds4/AppData/Roaming/TinyTeX/texmf-dist/tex/latex/setspace/setspace.sty
Package: setspace 2022/12/04 v6.7b set line spacing
) (c:/Users/ucbtds4/AppData/Roaming/TinyTeX/texmf-dist/tex/latex/subfig/subfig.sty
Package: subfig 2005/06/28 ver: 1.3 subfig package
(c:/Users/ucbtds4/AppData/Roaming/TinyTeX/texmf-dist/tex/latex/caption/caption.sty
Package: caption 2023/03/12 v3.6j Customizing captions (AR)
(c:/Users/ucbtds4/AppData/Roaming/TinyTeX/texmf-dist/tex/latex/caption/caption3.sty
Package: caption3 2023/03/12 v2.4 caption3 kernel (AR)
\caption@tempdima=\dimen197
\captionmargin=\dimen198
\caption@leftmargin=\dimen199
\caption@rightmargin=\dimen256
\caption@width=\dimen257
\caption@indent=\dimen258
\caption@parindent=\dimen259
\caption@hangindent=\dimen260
Package caption Info: Standard document class detected.
)
\c@caption@flags=\count324
\c@continuedfloat=\count325
Package caption Info: float package is loaded.
Package caption Info: hyperref package is loaded.
Package caption Info: longtable package is loaded.
(c:/Users/ucbtds4/AppData/Roaming/TinyTeX/texmf-dist/tex/latex/caption/ltcaption.sty
Package: ltcaption 2021/01/08 v1.4c longtable captions (AR)
))
\c@KVtest=\count326
\sf@farskip=\skip70
\sf@captopadj=\dimen261
\sf@capskip=\skip71
\sf@nearskip=\skip72
\c@subfigure=\count327
\c@subfigure@save=\count328
\c@lofdepth=\count329
\c@subtable=\count330
\c@subtable@save=\count331
\c@lotdepth=\count332
\sf@top=\skip73
\sf@bottom=\skip74
) (c:/Users/ucbtds4/AppData/Roaming/TinyTeX/texmf-dist/tex/latex/tabu/tabu.sty
Package: tabu 2019/01/11 v2.9 - flexible LaTeX tabulars (FC+tabu-fixed)
(c:/Users/ucbtds4/AppData/Roaming/TinyTeX/texmf-dist/tex/latex/varwidth/varwidth.sty
Package: varwidth 2009/03/30 ver 0.92;  Variable-width minipages
\@vwid@box=\box71
\sift@deathcycles=\count333
\@vwid@loff=\dimen262
\@vwid@roff=\dimen263
)
\c@taburow=\count334
\tabu@nbcols=\count335
\tabu@cnt=\count336
\tabu@Xcol=\count337
\tabu@alloc=\count338
\tabu@nested=\count339
\tabu@target=\dimen264
\tabu@spreadtarget=\dimen265
\tabu@naturalX=\dimen266
\tabucolX=\dimen267
\tabu@Xsum=\dimen268
\extrarowdepth=\dimen269
\abovetabulinesep=\dimen270
\belowtabulinesep=\dimen271
\tabustrutrule=\dimen272
\tabu@thebody=\toks36
\tabu@footnotes=\toks37
\tabu@box=\box72
\tabu@arstrutbox=\box73
\tabu@hleads=\box74
\tabu@vleads=\box75
\tabu@cellskip=\skip75
) (c:/Users/ucbtds4/AppData/Roaming/TinyTeX/texmf-dist/tex/latex/threeparttable/threeparttable.sty
Package: threeparttable 2003/06/13  v 3.0
\@tempboxb=\box76
) (c:/Users/ucbtds4/AppData/Roaming/TinyTeX/texmf-dist/tex/latex/threeparttablex/threeparttablex.sty
Package: threeparttablex 2013/07/23 v0.3 by daleif
(c:/Users/ucbtds4/AppData/Roaming/TinyTeX/texmf-dist/tex/latex/environ/environ.sty
Package: environ 2014/05/04 v0.3 A new way to define environments
(c:/Users/ucbtds4/AppData/Roaming/TinyTeX/texmf-dist/tex/latex/trimspaces/trimspaces.sty
Package: trimspaces 2009/09/17 v1.1 Trim spaces around a token list
))
\TPTL@width=\skip76
) (c:/Users/ucbtds4/AppData/Roaming/TinyTeX/texmf-dist/tex/latex/base/inputenc.sty
Package: inputenc 2021/02/14 v1.3d Input encoding file
\inpenc@prehook=\toks38
\inpenc@posthook=\toks39

Package inputenc Warning: inputenc package ignored with utf8 based engines.

) (c:/Users/ucbtds4/AppData/Roaming/TinyTeX/texmf-dist/tex/latex/wrapfig/wrapfig.sty
\wrapoverhang=\dimen273
\WF@size=\dimen274
\c@WF@wrappedlines=\count340
\WF@box=\box77
\WF@everypar=\toks40
Package: wrapfig 2003/01/31  v 3.6
) (c:/Users/ucbtds4/AppData/Roaming/TinyTeX/texmf-dist/tex/latex/bookmark/bookmark.sty
Package: bookmark 2020-11-06 v1.29 PDF bookmarks (HO)
(c:/Users/ucbtds4/AppData/Roaming/TinyTeX/texmf-dist/tex/latex/bookmark/bkm-dvipdfm.def
File: bkm-dvipdfm.def 2020-11-06 v1.29 bookmark driver for dvipdfm (HO)
\BKM@id=\count341
)) (./thesis.aux)
\openout1 = `thesis.aux'.

LaTeX Font Info:    Checking defaults for OML/cmm/m/it on input line 155.
LaTeX Font Info:    ... okay on input line 155.
LaTeX Font Info:    Checking defaults for OMS/cmsy/m/n on input line 155.
LaTeX Font Info:    ... okay on input line 155.
LaTeX Font Info:    Checking defaults for OT1/cmr/m/n on input line 155.
LaTeX Font Info:    ... okay on input line 155.
LaTeX Font Info:    Checking defaults for T1/cmr/m/n on input line 155.
LaTeX Font Info:    ... okay on input line 155.
LaTeX Font Info:    Checking defaults for TS1/cmr/m/n on input line 155.
LaTeX Font Info:    ... okay on input line 155.
LaTeX Font Info:    Checking defaults for TU/lmr/m/n on input line 155.
LaTeX Font Info:    ... okay on input line 155.
LaTeX Font Info:    Checking defaults for OMX/cmex/m/n on input line 155.
LaTeX Font Info:    ... okay on input line 155.
LaTeX Font Info:    Checking defaults for U/cmr/m/n on input line 155.
LaTeX Font Info:    ... okay on input line 155.
LaTeX Font Info:    Checking defaults for PD1/pdf/m/n on input line 155.
LaTeX Font Info:    ... okay on input line 155.
LaTeX Font Info:    Checking defaults for PU/pdf/m/n on input line 155.
LaTeX Font Info:    ... okay on input line 155.
LaTeX Font Info:    Overwriting math alphabet `\mathrm' in version `normal'
(Font)                  OT1/lmr/m/n --> TU/lmr/m/n on input line 155.
LaTeX Font Info:    Overwriting math alphabet `\mathit' in version `normal'
(Font)                  OT1/lmr/m/it --> TU/lmr/m/it on input line 155.
LaTeX Font Info:    Overwriting math alphabet `\mathbf' in version `normal'
(Font)                  OT1/lmr/bx/n --> TU/lmr/bx/n on input line 155.
LaTeX Font Info:    Overwriting math alphabet `\mathsf' in version `normal'
(Font)                  OT1/lmss/m/n --> TU/lmss/m/n on input line 155.
LaTeX Font Info:    Overwriting math alphabet `\mathsf' in version `bold'
(Font)                  OT1/lmss/bx/n --> TU/lmss/bx/n on input line 155.
LaTeX Font Info:    Overwriting math alphabet `\mathtt' in version `normal'
(Font)                  OT1/lmtt/m/n --> TU/lmtt/m/n on input line 155.
LaTeX Font Info:    Overwriting math alphabet `\mathtt' in version `bold'
(Font)                  OT1/lmtt/m/n --> TU/lmtt/bx/n on input line 155.

Package fontspec Info: latinmodern-math scale = 0.9999964596882403.


Package fontspec Info: latinmodern-math scale = 0.9999964596882403.


Package fontspec Info: latinmodern-math scale = 0.9999964596882403.


Package fontspec Info: Font family 'latinmodern-math.otf(0)' created for font
(fontspec)             'latinmodern-math.otf' with options
(fontspec)             [Scale=MatchLowercase,BoldItalicFont={},ItalicFont={},SmallCapsFont={},Script=Math,BoldFont={latinmodern-math.otf}].
(fontspec)              
(fontspec)              This font family consists of the following NFSS
(fontspec)             series/shapes:
(fontspec)              
(fontspec)             - 'normal' (m/n) with NFSS spec.:
(fontspec)             <->s*[0.9999964596882403]"[latinmodern-math.otf]/OT:script=math;language=dflt;"
(fontspec)             - 'small caps'  (m/sc) with NFSS spec.: 
(fontspec)             - 'bold' (b/n) with NFSS spec.:
(fontspec)             <->s*[0.9999964596882403]"[latinmodern-math.otf]/OT:script=math;language=dflt;"
(fontspec)             - 'bold small caps'  (b/sc) with NFSS spec.: 

LaTeX Font Info:    Font shape `TU/latinmodern-math.otf(0)/m/n' will be
(Font)              scaled to size 10.0pt on input line 155.

Package fontspec Info: latinmodern-math scale = 0.9999964596882403.


Package fontspec Info: latinmodern-math scale = 0.9999964596882403.


Package fontspec Info: latinmodern-math scale = 0.9999964596882403.


Package fontspec Info: latinmodern-math scale = 0.9999964596882403.


Package fontspec Info: latinmodern-math scale = 0.9999964596882403.


Package fontspec Info: Font family 'latinmodern-math.otf(1)' created for font
(fontspec)             'latinmodern-math.otf' with options
(fontspec)             [Scale=MatchLowercase,BoldItalicFont={},ItalicFont={},SmallCapsFont={},Script=Math,SizeFeatures={{Size=8.5-},{Size=6-8.5,Font=latinmodern-math.otf,Style=MathScript},{Size=-6,Font=latinmodern-math.otf,Style=MathScriptScript}},BoldFont={latinmodern-math.otf}].
(fontspec)              
(fontspec)              This font family consists of the following NFSS
(fontspec)             series/shapes:
(fontspec)              
(fontspec)             - 'normal' (m/n) with NFSS spec.:
(fontspec)             <8.5->s*[0.9999964596882403]"[latinmodern-math.otf]/OT:script=math;language=dflt;"<6-8.5>s*[0.9999964596882403]"[latinmodern-math.otf]/OT:script=math;language=dflt;+ssty=0;"<-6>s*[0.9999964596882403]"[latinmodern-math.otf]/OT:script=math;language=dflt;+ssty=1;"
(fontspec)             - 'small caps'  (m/sc) with NFSS spec.: 
(fontspec)             - 'bold' (b/n) with NFSS spec.:
(fontspec)             <->s*[0.9999964596882403]"[latinmodern-math.otf]/OT:script=math;language=dflt;"
(fontspec)             - 'bold small caps'  (b/sc) with NFSS spec.: 

LaTeX Font Info:    Font shape `TU/latinmodern-math.otf(1)/m/n' will be
(Font)              scaled to size 10.0pt on input line 155.
LaTeX Font Info:    Encoding `OT1' has changed to `TU' for symbol font
(Font)              `operators' in the math version `normal' on input line 155.
LaTeX Font Info:    Overwriting symbol font `operators' in version `normal'
(Font)                  OT1/lmr/m/n --> TU/latinmodern-math.otf(1)/m/n on input line 155.
LaTeX Font Info:    Encoding `OT1' has changed to `TU' for symbol font
(Font)              `operators' in the math version `bold' on input line 155.
LaTeX Font Info:    Overwriting symbol font `operators' in version `bold'
(Font)                  OT1/lmr/bx/n --> TU/latinmodern-math.otf(1)/b/n on input line 155.

Package fontspec Info: latinmodern-math scale = 0.9999964596882403.


Package fontspec Info: latinmodern-math scale = 1.000096459334209.


Package fontspec Info: latinmodern-math scale = 0.9999964596882403.


Package fontspec Info: latinmodern-math scale = 1.000096459334209.


Package fontspec Info: latinmodern-math scale = 0.9999964596882403.


Package fontspec Info: latinmodern-math scale = 1.000096459334209.


Package fontspec Info: latinmodern-math scale = 0.9999964596882403.


Package fontspec Info: latinmodern-math scale = 1.000096459334209.


Package fontspec Info: latinmodern-math scale = 0.9999964596882403.


Package fontspec Info: latinmodern-math scale = 1.000096459334209.


Package fontspec Info: Font family 'latinmodern-math.otf(2)' created for font
(fontspec)             'latinmodern-math.otf' with options
(fontspec)             [Scale=MatchLowercase,BoldItalicFont={},ItalicFont={},SmallCapsFont={},Script=Math,SizeFeatures={{Size=8.5-},{Size=6-8.5,Font=latinmodern-math.otf,Style=MathScript},{Size=-6,Font=latinmodern-math.otf,Style=MathScriptScript}},BoldFont={latinmodern-math.otf},ScaleAgain=1.0001,FontAdjustment={\fontdimen
(fontspec)             8\font =6.77pt\relax \fontdimen 9\font =3.94pt\relax
(fontspec)             \fontdimen 10\font =4.44pt\relax \fontdimen 11\font
(fontspec)             =6.86pt\relax \fontdimen 12\font =3.45pt\relax
(fontspec)             \fontdimen 13\font =3.63pt\relax \fontdimen 14\font
(fontspec)             =3.63pt\relax \fontdimen 15\font =2.89pt\relax
(fontspec)             \fontdimen 16\font =2.47pt\relax \fontdimen 17\font
(fontspec)             =2.47pt\relax \fontdimen 18\font =2.5pt\relax
(fontspec)             \fontdimen 19\font =2.0pt\relax \fontdimen 22\font
(fontspec)             =2.5pt\relax \fontdimen 20\font =0pt\relax \fontdimen
(fontspec)             21\font =0pt\relax }].
(fontspec)              
(fontspec)              This font family consists of the following NFSS
(fontspec)             series/shapes:
(fontspec)              
(fontspec)             - 'normal' (m/n) with NFSS spec.:
(fontspec)             <8.5->s*[1.000096459334209]"[latinmodern-math.otf]/OT:script=math;language=dflt;"<6-8.5>s*[1.000096459334209]"[latinmodern-math.otf]/OT:script=math;language=dflt;+ssty=0;"<-6>s*[1.000096459334209]"[latinmodern-math.otf]/OT:script=math;language=dflt;+ssty=1;"
(fontspec)             - 'small caps'  (m/sc) with NFSS spec.: 
(fontspec)             and font adjustment code:
(fontspec)             \fontdimen 8\font =6.77pt\relax \fontdimen 9\font
(fontspec)             =3.94pt\relax \fontdimen 10\font =4.44pt\relax
(fontspec)             \fontdimen 11\font =6.86pt\relax \fontdimen 12\font
(fontspec)             =3.45pt\relax \fontdimen 13\font =3.63pt\relax
(fontspec)             \fontdimen 14\font =3.63pt\relax \fontdimen 15\font
(fontspec)             =2.89pt\relax \fontdimen 16\font =2.47pt\relax
(fontspec)             \fontdimen 17\font =2.47pt\relax \fontdimen 18\font
(fontspec)             =2.5pt\relax \fontdimen 19\font =2.0pt\relax \fontdimen
(fontspec)             22\font =2.5pt\relax \fontdimen 20\font =0pt\relax
(fontspec)             \fontdimen 21\font =0pt\relax 
(fontspec)             - 'bold' (b/n) with NFSS spec.:
(fontspec)             <->s*[1.000096459334209]"[latinmodern-math.otf]/OT:script=math;language=dflt;"
(fontspec)             - 'bold small caps'  (b/sc) with NFSS spec.: 
(fontspec)             and font adjustment code:
(fontspec)             \fontdimen 8\font =6.77pt\relax \fontdimen 9\font
(fontspec)             =3.94pt\relax \fontdimen 10\font =4.44pt\relax
(fontspec)             \fontdimen 11\font =6.86pt\relax \fontdimen 12\font
(fontspec)             =3.45pt\relax \fontdimen 13\font =3.63pt\relax
(fontspec)             \fontdimen 14\font =3.63pt\relax \fontdimen 15\font
(fontspec)             =2.89pt\relax \fontdimen 16\font =2.47pt\relax
(fontspec)             \fontdimen 17\font =2.47pt\relax \fontdimen 18\font
(fontspec)             =2.5pt\relax \fontdimen 19\font =2.0pt\relax \fontdimen
(fontspec)             22\font =2.5pt\relax \fontdimen 20\font =0pt\relax
(fontspec)             \fontdimen 21\font =0pt\relax 

LaTeX Font Info:    Encoding `OMS' has changed to `TU' for symbol font
(Font)              `symbols' in the math version `normal' on input line 155.
LaTeX Font Info:    Overwriting symbol font `symbols' in version `normal'
(Font)                  OMS/lmsy/m/n --> TU/latinmodern-math.otf(2)/m/n on input line 155.
LaTeX Font Info:    Encoding `OMS' has changed to `TU' for symbol font
(Font)              `symbols' in the math version `bold' on input line 155.
LaTeX Font Info:    Overwriting symbol font `symbols' in version `bold'
(Font)                  OMS/lmsy/b/n --> TU/latinmodern-math.otf(2)/b/n on input line 155.

Package fontspec Info: latinmodern-math scale = 0.9999964596882403.


Package fontspec Info: latinmodern-math scale = 0.9998964600422715.


Package fontspec Info: latinmodern-math scale = 0.9999964596882403.


Package fontspec Info: latinmodern-math scale = 0.9998964600422715.


Package fontspec Info: latinmodern-math scale = 0.9999964596882403.


Package fontspec Info: latinmodern-math scale = 0.9998964600422715.


Package fontspec Info: latinmodern-math scale = 0.9999964596882403.


Package fontspec Info: latinmodern-math scale = 0.9998964600422715.


Package fontspec Info: latinmodern-math scale = 0.9999964596882403.


Package fontspec Info: latinmodern-math scale = 0.9998964600422715.


Package fontspec Info: Font family 'latinmodern-math.otf(3)' created for font
(fontspec)             'latinmodern-math.otf' with options
(fontspec)             [Scale=MatchLowercase,BoldItalicFont={},ItalicFont={},SmallCapsFont={},Script=Math,SizeFeatures={{Size=8.5-},{Size=6-8.5,Font=latinmodern-math.otf,Style=MathScript},{Size=-6,Font=latinmodern-math.otf,Style=MathScriptScript}},BoldFont={latinmodern-math.otf},ScaleAgain=0.9999,FontAdjustment={\fontdimen
(fontspec)             8\font =0.4pt\relax \fontdimen 9\font =2.0pt\relax
(fontspec)             \fontdimen 10\font =1.67pt\relax \fontdimen 11\font
(fontspec)             =1.11pt\relax \fontdimen 12\font =6.0pt\relax
(fontspec)             \fontdimen 13\font =0pt\relax }].
(fontspec)              
(fontspec)              This font family consists of the following NFSS
(fontspec)             series/shapes:
(fontspec)              
(fontspec)             - 'normal' (m/n) with NFSS spec.:
(fontspec)             <8.5->s*[0.9998964600422715]"[latinmodern-math.otf]/OT:script=math;language=dflt;"<6-8.5>s*[0.9998964600422715]"[latinmodern-math.otf]/OT:script=math;language=dflt;+ssty=0;"<-6>s*[0.9998964600422715]"[latinmodern-math.otf]/OT:script=math;language=dflt;+ssty=1;"
(fontspec)             - 'small caps'  (m/sc) with NFSS spec.: 
(fontspec)             and font adjustment code:
(fontspec)             \fontdimen 8\font =0.4pt\relax \fontdimen 9\font
(fontspec)             =2.0pt\relax \fontdimen 10\font =1.67pt\relax
(fontspec)             \fontdimen 11\font =1.11pt\relax \fontdimen 12\font
(fontspec)             =6.0pt\relax \fontdimen 13\font =0pt\relax 
(fontspec)             - 'bold' (b/n) with NFSS spec.:
(fontspec)             <->s*[0.9998964600422715]"[latinmodern-math.otf]/OT:script=math;language=dflt;"
(fontspec)             - 'bold small caps'  (b/sc) with NFSS spec.: 
(fontspec)             and font adjustment code:
(fontspec)             \fontdimen 8\font =0.4pt\relax \fontdimen 9\font
(fontspec)             =2.0pt\relax \fontdimen 10\font =1.67pt\relax
(fontspec)             \fontdimen 11\font =1.11pt\relax \fontdimen 12\font
(fontspec)             =6.0pt\relax \fontdimen 13\font =0pt\relax 

LaTeX Font Info:    Encoding `OMX' has changed to `TU' for symbol font
(Font)              `largesymbols' in the math version `normal' on input line 155.
LaTeX Font Info:    Overwriting symbol font `largesymbols' in version `normal'
(Font)                  OMX/lmex/m/n --> TU/latinmodern-math.otf(3)/m/n on input line 155.
LaTeX Font Info:    Encoding `OMX' has changed to `TU' for symbol font
(Font)              `largesymbols' in the math version `bold' on input line 155.
LaTeX Font Info:    Overwriting symbol font `largesymbols' in version `bold'
(Font)                  OMX/lmex/m/n --> TU/latinmodern-math.otf(3)/b/n on input line 155.
LaTeX Info: Redefining \microtypecontext on input line 155.
Package microtype Info: Applying patch `item' on input line 155.
Package microtype Info: Applying patch `toc' on input line 155.
Package microtype Info: Applying patch `eqnum' on input line 155.

Package microtype Warning: Unable to apply patch `footnote' on input line 155.

Package microtype Info: Applying patch `verbatim' on input line 155.
Package microtype Info: Character protrusion enabled (level 2).
Package microtype Info: Using protrusion set `basicmath'.
Package microtype Info: No adjustment of tracking.
Package microtype Info: No adjustment of spacing.
Package microtype Info: No adjustment of kerning.
(c:/Users/ucbtds4/AppData/Roaming/TinyTeX/texmf-dist/tex/latex/microtype/mt-LatinModernRoman.cfg
File: mt-LatinModernRoman.cfg 2021/02/21 v1.1 microtype config. file: Latin Modern Roman (RS)
)
*geometry* driver: auto-detecting
*geometry* detected driver: xetex
*geometry* verbose mode - [ preamble ] result:
* driver: xetex
* paper: <default>
* layout: <same size as paper>
* layoutoffset:(h,v)=(0.0pt,0.0pt)
* modes: 
* h-part:(L,W,R)=(72.26999pt, 469.75502pt, 72.26999pt)
* v-part:(T,H,B)=(72.26999pt, 650.43001pt, 72.26999pt)
* \paperwidth=614.295pt
* \paperheight=794.96999pt
* \textwidth=469.75502pt
* \textheight=650.43001pt
* \oddsidemargin=0.0pt
* \evensidemargin=0.0pt
* \topmargin=-37.0pt
* \headheight=12.0pt
* \headsep=25.0pt
* \topskip=10.0pt
* \footskip=30.0pt
* \marginparwidth=65.0pt
* \marginparsep=11.0pt
* \columnsep=10.0pt
* \skip\footins=9.0pt plus 4.0pt minus 2.0pt
* \hoffset=0.0pt
* \voffset=0.0pt
* \mag=1000
* \@twocolumnfalse
* \@twosidefalse
* \@mparswitchfalse
* \@reversemarginfalse
* (1in=72.27pt=25.4mm, 1cm=28.453pt)

Package hyperref Info: Link coloring OFF on input line 155.
Package caption Info: Begin \AtBeginDocument code.
Package caption Info: subfig package v1.3 is loaded.
Package caption Info: threeparttable package is loaded.
Package caption Info: wrapfig package is loaded.
Package caption Info: End \AtBeginDocument code.
[1

] [1] [2] (./thesis.toc
LaTeX Font Info:    Font shape `TU/latinmodern-math.otf(1)/m/n' will be
(Font)              scaled to size 7.0pt on input line 1.
LaTeX Font Info:    Font shape `TU/latinmodern-math.otf(1)/m/n' will be
(Font)              scaled to size 5.0pt on input line 1.
LaTeX Font Info:    Trying to load font information for OML+lmm on input line 1.
(c:/Users/ucbtds4/AppData/Roaming/TinyTeX/texmf-dist/tex/latex/lm/omllmm.fd
File: omllmm.fd 2015/05/01 v1.6.1 Font defs for Latin Modern
)
LaTeX Font Info:    Font shape `TU/latinmodern-math.otf(2)/m/n' will be
(Font)              scaled to size 10.00092pt on input line 1.
LaTeX Font Info:    Font shape `TU/latinmodern-math.otf(2)/m/n' will be
(Font)              scaled to size 7.00064pt on input line 1.
LaTeX Font Info:    Font shape `TU/latinmodern-math.otf(2)/m/n' will be
(Font)              scaled to size 5.00046pt on input line 1.
LaTeX Font Info:    Font shape `TU/latinmodern-math.otf(3)/m/n' will be
(Font)              scaled to size 9.99893pt on input line 1.
LaTeX Font Info:    Font shape `TU/latinmodern-math.otf(3)/m/n' will be
(Font)              scaled to size 6.99925pt on input line 1.
LaTeX Font Info:    Font shape `TU/latinmodern-math.otf(3)/m/n' will be
(Font)              scaled to size 4.99947pt on input line 1.
LaTeX Font Info:    Trying to load font information for U+msa on input line 1.
(c:/Users/ucbtds4/AppData/Roaming/TinyTeX/texmf-dist/tex/latex/amsfonts/umsa.fd
File: umsa.fd 2013/01/14 v3.01 AMS symbols A
) (c:/Users/ucbtds4/AppData/Roaming/TinyTeX/texmf-dist/tex/latex/microtype/mt-msa.cfg
File: mt-msa.cfg 2006/02/04 v1.1 microtype config. file: AMS symbols (a) (RS)
)
LaTeX Font Info:    Trying to load font information for U+msb on input line 1.
(c:/Users/ucbtds4/AppData/Roaming/TinyTeX/texmf-dist/tex/latex/amsfonts/umsb.fd
File: umsb.fd 2013/01/14 v3.01 AMS symbols B
) (c:/Users/ucbtds4/AppData/Roaming/TinyTeX/texmf-dist/tex/latex/microtype/mt-msb.cfg
File: mt-msb.cfg 2005/06/01 v1.0 microtype config. file: AMS symbols (b) (RS)
) [3] [4] [5] [6])
\tf@toc=\write3
\openout3 = `thesis.toc'.

(./thesis.lof [7])
\tf@lof=\write4
\openout4 = `thesis.lof'.

(./thesis.lot)
\tf@lot=\write5
\openout5 = `thesis.lot'.

[8] [9] [10] [11] [12] [13] [14] [15] [16]
File: thesis_files/figure-latex/host-pathogen-associations-1.pdf Graphic file (type pdf)
<use thesis_files/figure-latex/host-pathogen-associations-1.pdf>
[17] [18]
File: thesis_files/figure-latex/rodent-pathogen-discovery-1.pdf Graphic file (type pdf)
<use thesis_files/figure-latex/rodent-pathogen-discovery-1.pdf>
[19] [20] [21] [22]
File: thesis_files/figure-latex/global-zoonotic-disease-surveillance-1.pdf Graphic file (type pdf)
<use thesis_files/figure-latex/global-zoonotic-disease-surveillance-1.pdf>
[23] [24] [25] [26]
File: thesis_files/figure-latex/lassa-endemic-1.pdf Graphic file (type pdf)
<use thesis_files/figure-latex/lassa-endemic-1.pdf>
[27] [28]
File: thesis_files/figure-latex/lassa-cases-1.pdf Graphic file (type pdf)
<use thesis_files/figure-latex/lassa-cases-1.pdf>
[29] [30] [31] [32]
File: thesis_files/figure-latex/rodent-lassa-seroprevalence-1.pdf Graphic file (type pdf)
<use thesis_files/figure-latex/rodent-lassa-seroprevalence-1.pdf>
[33] [34] [35] [36] [37] [38] [39] [40] [41] [42] [43]
File: chapter_2_files/Figure_1_updated.png Graphic file (type bmp)
<chapter_2_files/Figure_1_updated.png>
[44] [45] [46] [47]
File: chapter_2_files/Figure_2_updated.png Graphic file (type bmp)
<chapter_2_files/Figure_2_updated.png>
[48] [49]
File: chapter_2_files/Figure_3_updated.png Graphic file (type bmp)
<chapter_2_files/Figure_3_updated.png>
[50] [51] [52]
LaTeX Font Info:    Font shape `TU/latinmodern-math.otf(1)/m/n' will be
(Font)              scaled to size 9.0pt on input line 744.
LaTeX Font Info:    Font shape `TU/latinmodern-math.otf(1)/m/n' will be
(Font)              scaled to size 6.0pt on input line 744.
LaTeX Font Info:    Font shape `TU/latinmodern-math.otf(2)/m/n' will be
(Font)              scaled to size 9.00082pt on input line 744.
LaTeX Font Info:    Font shape `TU/latinmodern-math.otf(2)/m/n' will be
(Font)              scaled to size 6.00055pt on input line 744.
LaTeX Font Info:    Font shape `TU/latinmodern-math.otf(3)/m/n' will be
(Font)              scaled to size 8.99904pt on input line 744.
LaTeX Font Info:    Font shape `TU/latinmodern-math.otf(3)/m/n' will be
(Font)              scaled to size 5.99936pt on input line 744.

Overfull \hbox (1.29045pt too wide) in paragraph at lines 744--763
 [][] 
 []

File: chapter_2_files/Figure_4_updated.png Graphic file (type bmp)
<chapter_2_files/Figure_4_updated.png>
[53]
File: chapter_2_files/Figure_5_updated.png Graphic file (type bmp)
<chapter_2_files/Figure_5_updated.png>
[54] [55] [56] [57] [58] [59] [60] [61] [62] [63] [64] [65] [66] [67] [68] [69] [70] [71] [72] [73] [74] [75] [76]
File: chapter_3_files/Figure_1_combined.png Graphic file (type bmp)
<chapter_3_files/Figure_1_combined.png>
[77]
Overfull \vbox (6.76346pt too high) has occurred while \output is active []

[78]
LaTeX Font Info:    Font shape `TU/latinmodern-math.otf(1)/b/n' will be
(Font)              scaled to size 10.0pt on input line 1091.
LaTeX Font Info:    Font shape `TU/latinmodern-math.otf(1)/b/n' will be
(Font)              scaled to size 7.0pt on input line 1091.
LaTeX Font Info:    Font shape `TU/latinmodern-math.otf(1)/b/n' will be
(Font)              scaled to size 5.0pt on input line 1091.
LaTeX Font Info:    Font shape `TU/latinmodern-math.otf(2)/b/n' will be
(Font)              scaled to size 10.00092pt on input line 1091.
LaTeX Font Info:    Font shape `TU/latinmodern-math.otf(2)/b/n' will be
(Font)              scaled to size 7.00064pt on input line 1091.
LaTeX Font Info:    Font shape `TU/latinmodern-math.otf(2)/b/n' will be
(Font)              scaled to size 5.00046pt on input line 1091.
LaTeX Font Info:    Font shape `TU/latinmodern-math.otf(3)/b/n' will be
(Font)              scaled to size 9.99893pt on input line 1091.
LaTeX Font Info:    Font shape `TU/latinmodern-math.otf(3)/b/n' will be
(Font)              scaled to size 6.99925pt on input line 1091.
LaTeX Font Info:    Font shape `TU/latinmodern-math.otf(3)/b/n' will be
(Font)              scaled to size 4.99947pt on input line 1091.
[79]
Overfull \hbox (10.10101pt too wide) detected at line 1136
[][][][] [] [] [] [] [] [][][][] [] [][][][]
 []

[80] [81] [82]
File: chapter_3_files/Figure_2.png Graphic file (type bmp)
<chapter_3_files/Figure_2.png>
[83] [84]
File: chapter_3_files/Figure_4.png Graphic file (type bmp)
<chapter_3_files/Figure_4.png>
[85]
File: chapter_3_files/Figure_5.png Graphic file (type bmp)
<chapter_3_files/Figure_5.png>
[86]
Overfull \vbox (16.98586pt too high) has occurred while \output is active []

[87] [88] [89] [90] [91] [92] [93] [94] [95] [96]
File: chapter_4_files/Figure_1.png Graphic file (type bmp)
<chapter_4_files/Figure_1.png>
[97] [98] [99] [100] [101] [102] [103] [104]
File: chapter_4_files/Figure_2.png Graphic file (type bmp)
<chapter_4_files/Figure_2.png>
[105] [106]
File: chapter_4_files/Figure_3.png Graphic file (type bmp)
<chapter_4_files/Figure_3.png>
[107] [108]
File: chapter_4_files/Figure_4.png Graphic file (type bmp)
<chapter_4_files/Figure_4.png>
[109]
Overfull \vbox (22.1324pt too high) has occurred while \output is active []

[110] [111] [112] [113] [114] [115] [116] [117] [118] [119] [120]
File: discussion_files/fichet_calvet_2009.png Graphic file (type bmp)
<discussion_files/fichet_calvet_2009.png>
File: discussion_files/mylne_2015.png Graphic file (type bmp)
<discussion_files/mylne_2015.png>
File: discussion_files/redding_2016.png Graphic file (type bmp)
<discussion_files/redding_2016.png>
File: discussion_files/basinski_2021.png Graphic file (type bmp)
<discussion_files/basinski_2021.png>

Overfull \hbox (6.63359pt too wide) in paragraph at lines 1629--1630
 [][][][]  
 []


Overfull \hbox (6.64392pt too wide) in paragraph at lines 1629--1630
 [][][][] 
 []

[121] [122] [123] [124]
Underfull \hbox (badness 1694) in paragraph at lines 1673--1675
\TU/lmr/m/n/10 versity and abundance in ta national park, cte divoire, \TU/lmr/m/it/10 Nature Conservation Research\TU/lmr/m/n/10 , 3.
 []

[125] [126] [127] [128] [129]
Overfull \hbox (45.39435pt too wide) in paragraph at lines 1799--1801
\TU/lmr/m/n/10 mammals, \TU/lmr/m/it/10 Journal of mammalogy\TU/lmr/m/n/10 , 82(4), pp. 960973. doi:[]10.1644/1545-1542(2001)082<0960:ATOTGS>2.0.CO;2[]. 
 []

[130]
Missing character: There is no  (U+2121) in font [lmroman10-regular]:mapping=tex-text;!

Underfull \hbox (badness 1708) in paragraph at lines 1835--1837
[]\TU/lmr/m/n/10 Ceballos, G. and Ehrlich, P.R. (2006) Global mammal distributions, biodiversity hotspots, and
 []


Underfull \hbox (badness 1953) in paragraph at lines 1835--1837
\TU/lmr/m/n/10 conservation, \TU/lmr/m/it/10 Proceedings of the National Academy of Sciences\TU/lmr/m/n/10 , 103(51), pp. 1937419379.
 []

[131] [132] [133] [134] [135] [136]
Underfull \hbox (badness 1515) in paragraph at lines 2009--2011
[]\TU/lmr/m/n/10 Garine-Wichatitsky, M. de, Lwande, O.W., Fountain-Jones, N.M., VanderWaal, K. and Obanda,
 []


Overfull \hbox (7.471pt too wide) in paragraph at lines 2036--2038
\TU/lmr/m/n/10 fever in west africa, \TU/lmr/m/it/10 Pathogens and Global Health\TU/lmr/m/n/10 , 111(6), pp. 276288. doi:[]10.1080/20477724.2017.1369643[]. 
 []

[137] [138] [139] [140]
Missing character: There is no  (U+2206) in font [lmroman10-italic]:mapping=tex-text;!
[141] [142] [143]
Underfull \hbox (badness 2050) in paragraph at lines 2261--2263
\TU/lmr/m/n/10 pathogen in a fluctuating population, \TU/lmr/m/it/10 Journal of Biological Dynamics\TU/lmr/m/n/10 , 3(2), pp. 224234.
 []

[144] [145] [146] [147] [148] [149]
Underfull \hbox (badness 1043) in paragraph at lines 2447--2449
[]\TU/lmr/m/n/10 Murray, K.A. and Daszak, P. (2013) Human ecology in pathogenic landscapes: Two hypotheses
 []

[150] [151] [152] [153]
Underfull \hbox (badness 10000) in paragraph at lines 2558--2560
[][][] [][] [][][][][][][][][][][][][] [][] [][][][][][][][] [] [][][] [][] [][][] [][] [][][][][][][][][][][][] [] [][][] [][] [][][][][][][][][][][][] [] [][][][][][][] [][] [][][] [] [][][][][][] [][] [][][][][] [][] [][][] [][]
 []


Overfull \hbox (4.81099pt too wide) in paragraph at lines 2564--2566
\TU/lmr/m/n/10 biodiversity-buffers-disease paradigm, \TU/lmr/m/it/10 Parasitology\TU/lmr/m/n/10 , 139(7), pp. 847863. doi:[]10.1017/S0031182012000200[]. 
 []

[154] [155] [156] [157] [158]
Underfull \hbox (badness 1496) in paragraph at lines 2735--2737
[]\TU/lmr/m/n/10 Watanabe, S. (2010) Asymptotic equivalence of bayes cross validation and widely applicable in-
 []

[159] [160]
Underfull \hbox (badness 1057) in paragraph at lines 2798--2800
\TU/lmr/m/n/10 of human coronaviruses, \TU/lmr/m/it/10 International Journal of Biological Sciences\TU/lmr/m/n/10 , 16(10), pp. 16861697.
 []

[161]
File: appendices_files/A1.pdf Graphic file (type pdf)
<use appendices_files/A1.pdf>
File: appendices_files/A1.pdf Graphic file (type pdf)
<use appendices_files/A1.pdf>
[162]
File: appendices_files/A1.pdf Graphic file (type pdf)
<use appendices_files/A1.pdf, page 1>
File: appendices_files/A1.pdf Graphic file (type pdf)
<use appendices_files/A1.pdf, page 1>
File: appendices_files/A1.pdf Graphic file (type pdf)
<use appendices_files/A1.pdf, page 1>
[163]
File: appendices_files/A1.pdf Graphic file (type pdf)
<use appendices_files/A1.pdf, page 2>
File: appendices_files/A1.pdf Graphic file (type pdf)
<use appendices_files/A1.pdf, page 2>
File: appendices_files/A1.pdf Graphic file (type pdf)
<use appendices_files/A1.pdf, page 2>
[164]
File: appendices_files/A1.pdf Graphic file (type pdf)
<use appendices_files/A1.pdf, page 3>
File: appendices_files/A1.pdf Graphic file (type pdf)
<use appendices_files/A1.pdf, page 3>
File: appendices_files/A1.pdf Graphic file (type pdf)
<use appendices_files/A1.pdf, page 3>
[165]
File: appendices_files/A1.pdf Graphic file (type pdf)
<use appendices_files/A1.pdf, page 4>
File: appendices_files/A1.pdf Graphic file (type pdf)
<use appendices_files/A1.pdf, page 4>
File: appendices_files/A1.pdf Graphic file (type pdf)
<use appendices_files/A1.pdf, page 4>
[166]
File: appendices_files/A1.pdf Graphic file (type pdf)
<use appendices_files/A1.pdf, page 5>
File: appendices_files/A1.pdf Graphic file (type pdf)
<use appendices_files/A1.pdf, page 5>
File: appendices_files/A1.pdf Graphic file (type pdf)
<use appendices_files/A1.pdf, page 5>
[167]
File: appendices_files/A1.pdf Graphic file (type pdf)
<use appendices_files/A1.pdf, page 6>
File: appendices_files/A1.pdf Graphic file (type pdf)
<use appendices_files/A1.pdf, page 6>
File: appendices_files/A1.pdf Graphic file (type pdf)
<use appendices_files/A1.pdf, page 6>
[168]
File: appendices_files/A1.pdf Graphic file (type pdf)
<use appendices_files/A1.pdf, page 7>
File: appendices_files/A1.pdf Graphic file (type pdf)
<use appendices_files/A1.pdf, page 7>
File: appendices_files/A1.pdf Graphic file (type pdf)
<use appendices_files/A1.pdf, page 7>
[169]
File: appendices_files/A1.pdf Graphic file (type pdf)
<use appendices_files/A1.pdf, page 8>
File: appendices_files/A1.pdf Graphic file (type pdf)
<use appendices_files/A1.pdf, page 8>
File: appendices_files/A1.pdf Graphic file (type pdf)
<use appendices_files/A1.pdf, page 8>
[170]
File: appendices_files/A1.pdf Graphic file (type pdf)
<use appendices_files/A1.pdf, page 9>
File: appendices_files/A1.pdf Graphic file (type pdf)
<use appendices_files/A1.pdf, page 9>
File: appendices_files/A1.pdf Graphic file (type pdf)
<use appendices_files/A1.pdf, page 9>
[171]
File: appendices_files/A1.pdf Graphic file (type pdf)
<use appendices_files/A1.pdf, page 10>
File: appendices_files/A1.pdf Graphic file (type pdf)
<use appendices_files/A1.pdf, page 10>
File: appendices_files/A1.pdf Graphic file (type pdf)
<use appendices_files/A1.pdf, page 10>
[172]
File: appendices_files/A1.pdf Graphic file (type pdf)
<use appendices_files/A1.pdf, page 11>
File: appendices_files/A1.pdf Graphic file (type pdf)
<use appendices_files/A1.pdf, page 11>
File: appendices_files/A1.pdf Graphic file (type pdf)
<use appendices_files/A1.pdf, page 11>
[173]
File: appendices_files/A1.pdf Graphic file (type pdf)
<use appendices_files/A1.pdf, page 12>
File: appendices_files/A1.pdf Graphic file (type pdf)
<use appendices_files/A1.pdf, page 12>
File: appendices_files/A1.pdf Graphic file (type pdf)
<use appendices_files/A1.pdf, page 12>
[174]
File: appendices_files/A1.pdf Graphic file (type pdf)
<use appendices_files/A1.pdf, page 13>
File: appendices_files/A1.pdf Graphic file (type pdf)
<use appendices_files/A1.pdf, page 13>
File: appendices_files/A1.pdf Graphic file (type pdf)
<use appendices_files/A1.pdf, page 13>
[175]
File: appendices_files/A1.pdf Graphic file (type pdf)
<use appendices_files/A1.pdf, page 14>
File: appendices_files/A1.pdf Graphic file (type pdf)
<use appendices_files/A1.pdf, page 14>
File: appendices_files/A1.pdf Graphic file (type pdf)
<use appendices_files/A1.pdf, page 14>
[176]
File: appendices_files/A1.pdf Graphic file (type pdf)
<use appendices_files/A1.pdf, page 15>
File: appendices_files/A1.pdf Graphic file (type pdf)
<use appendices_files/A1.pdf, page 15>
File: appendices_files/A1.pdf Graphic file (type pdf)
<use appendices_files/A1.pdf, page 15>
[177]
File: appendices_files/A1.pdf Graphic file (type pdf)
<use appendices_files/A1.pdf, page 16>
File: appendices_files/A1.pdf Graphic file (type pdf)
<use appendices_files/A1.pdf, page 16>
File: appendices_files/A1.pdf Graphic file (type pdf)
<use appendices_files/A1.pdf, page 16>
[178]
File: appendices_files/A1.pdf Graphic file (type pdf)
<use appendices_files/A1.pdf, page 17>
File: appendices_files/A1.pdf Graphic file (type pdf)
<use appendices_files/A1.pdf, page 17>
File: appendices_files/A1.pdf Graphic file (type pdf)
<use appendices_files/A1.pdf, page 17>
[179]
File: appendices_files/A1.pdf Graphic file (type pdf)
<use appendices_files/A1.pdf, page 18>
File: appendices_files/A1.pdf Graphic file (type pdf)
<use appendices_files/A1.pdf, page 18>
File: appendices_files/A1.pdf Graphic file (type pdf)
<use appendices_files/A1.pdf, page 18>
[180]
File: appendices_files/A1.pdf Graphic file (type pdf)
<use appendices_files/A1.pdf, page 19>
File: appendices_files/A1.pdf Graphic file (type pdf)
<use appendices_files/A1.pdf, page 19>
File: appendices_files/A1.pdf Graphic file (type pdf)
<use appendices_files/A1.pdf, page 19>
[181]
File: appendices_files/A2.pdf Graphic file (type pdf)
<use appendices_files/A2.pdf>
File: appendices_files/A2.pdf Graphic file (type pdf)
<use appendices_files/A2.pdf>
[182]
File: appendices_files/A2.pdf Graphic file (type pdf)
<use appendices_files/A2.pdf, page 1>
File: appendices_files/A2.pdf Graphic file (type pdf)
<use appendices_files/A2.pdf, page 1>
File: appendices_files/A2.pdf Graphic file (type pdf)
<use appendices_files/A2.pdf, page 1>
[183]
File: appendices_files/A2.pdf Graphic file (type pdf)
<use appendices_files/A2.pdf, page 2>
File: appendices_files/A2.pdf Graphic file (type pdf)
<use appendices_files/A2.pdf, page 2>
File: appendices_files/A2.pdf Graphic file (type pdf)
<use appendices_files/A2.pdf, page 2>
[184]
File: appendices_files/A2.pdf Graphic file (type pdf)
<use appendices_files/A2.pdf, page 3>
File: appendices_files/A2.pdf Graphic file (type pdf)
<use appendices_files/A2.pdf, page 3>
File: appendices_files/A2.pdf Graphic file (type pdf)
<use appendices_files/A2.pdf, page 3>
[185]
File: appendices_files/B1.pdf Graphic file (type pdf)
<use appendices_files/B1.pdf>
File: appendices_files/B1.pdf Graphic file (type pdf)
<use appendices_files/B1.pdf>
[186]
File: appendices_files/B1.pdf Graphic file (type pdf)
<use appendices_files/B1.pdf, page 1>
File: appendices_files/B1.pdf Graphic file (type pdf)
<use appendices_files/B1.pdf, page 1>
File: appendices_files/B1.pdf Graphic file (type pdf)
<use appendices_files/B1.pdf, page 1>
[187]
File: appendices_files/B1.pdf Graphic file (type pdf)
<use appendices_files/B1.pdf, page 2>
File: appendices_files/B1.pdf Graphic file (type pdf)
<use appendices_files/B1.pdf, page 2>
File: appendices_files/B1.pdf Graphic file (type pdf)
<use appendices_files/B1.pdf, page 2>
[188]
File: appendices_files/B1.pdf Graphic file (type pdf)
<use appendices_files/B1.pdf, page 3>
File: appendices_files/B1.pdf Graphic file (type pdf)
<use appendices_files/B1.pdf, page 3>
File: appendices_files/B1.pdf Graphic file (type pdf)
<use appendices_files/B1.pdf, page 3>
[189]
File: appendices_files/B2-1.png Graphic file (type bmp)
<appendices_files/B2-1.png>
File: appendices_files/B2-2.png Graphic file (type bmp)
<appendices_files/B2-2.png>
File: appendices_files/B2-3.png Graphic file (type bmp)
<appendices_files/B2-3.png>
[190]
File: appendices_files/B2-4.png Graphic file (type bmp)
<appendices_files/B2-4.png>
[191]
File: appendices_files/B3.pdf Graphic file (type pdf)
<use appendices_files/B3.pdf>
File: appendices_files/B3.pdf Graphic file (type pdf)
<use appendices_files/B3.pdf>
[192]
File: appendices_files/B3.pdf Graphic file (type pdf)
<use appendices_files/B3.pdf, page 1>
File: appendices_files/B3.pdf Graphic file (type pdf)
<use appendices_files/B3.pdf, page 1>
File: appendices_files/B3.pdf Graphic file (type pdf)
<use appendices_files/B3.pdf, page 1>
[193]
File: appendices_files/B3.pdf Graphic file (type pdf)
<use appendices_files/B3.pdf, page 2>
File: appendices_files/B3.pdf Graphic file (type pdf)
<use appendices_files/B3.pdf, page 2>
File: appendices_files/B3.pdf Graphic file (type pdf)
<use appendices_files/B3.pdf, page 2>
[194]
File: appendices_files/B3.pdf Graphic file (type pdf)
<use appendices_files/B3.pdf, page 3>
File: appendices_files/B3.pdf Graphic file (type pdf)
<use appendices_files/B3.pdf, page 3>
File: appendices_files/B3.pdf Graphic file (type pdf)
<use appendices_files/B3.pdf, page 3>
[195]
File: appendices_files/B3.pdf Graphic file (type pdf)
<use appendices_files/B3.pdf, page 4>
File: appendices_files/B3.pdf Graphic file (type pdf)
<use appendices_files/B3.pdf, page 4>
File: appendices_files/B3.pdf Graphic file (type pdf)
<use appendices_files/B3.pdf, page 4>
[196]
File: appendices_files/B3.pdf Graphic file (type pdf)
<use appendices_files/B3.pdf, page 5>
File: appendices_files/B3.pdf Graphic file (type pdf)
<use appendices_files/B3.pdf, page 5>
File: appendices_files/B3.pdf Graphic file (type pdf)
<use appendices_files/B3.pdf, page 5>
[197]
File: appendices_files/B3.pdf Graphic file (type pdf)
<use appendices_files/B3.pdf, page 6>
File: appendices_files/B3.pdf Graphic file (type pdf)
<use appendices_files/B3.pdf, page 6>
File: appendices_files/B3.pdf Graphic file (type pdf)
<use appendices_files/B3.pdf, page 6>
[198]
File: appendices_files/B3.pdf Graphic file (type pdf)
<use appendices_files/B3.pdf, page 7>
File: appendices_files/B3.pdf Graphic file (type pdf)
<use appendices_files/B3.pdf, page 7>
File: appendices_files/B3.pdf Graphic file (type pdf)
<use appendices_files/B3.pdf, page 7>
[199]
File: appendices_files/B3.pdf Graphic file (type pdf)
<use appendices_files/B3.pdf, page 8>
File: appendices_files/B3.pdf Graphic file (type pdf)
<use appendices_files/B3.pdf, page 8>
File: appendices_files/B3.pdf Graphic file (type pdf)
<use appendices_files/B3.pdf, page 8>
[200]
File: appendices_files/B3.pdf Graphic file (type pdf)
<use appendices_files/B3.pdf, page 9>
File: appendices_files/B3.pdf Graphic file (type pdf)
<use appendices_files/B3.pdf, page 9>
File: appendices_files/B3.pdf Graphic file (type pdf)
<use appendices_files/B3.pdf, page 9>
[201]
File: appendices_files/B3.pdf Graphic file (type pdf)
<use appendices_files/B3.pdf, page 10>
File: appendices_files/B3.pdf Graphic file (type pdf)
<use appendices_files/B3.pdf, page 10>
File: appendices_files/B3.pdf Graphic file (type pdf)
<use appendices_files/B3.pdf, page 10>
[202]
File: appendices_files/B3.pdf Graphic file (type pdf)
<use appendices_files/B3.pdf, page 11>
File: appendices_files/B3.pdf Graphic file (type pdf)
<use appendices_files/B3.pdf, page 11>
File: appendices_files/B3.pdf Graphic file (type pdf)
<use appendices_files/B3.pdf, page 11>
[203]
File: appendices_files/B3.pdf Graphic file (type pdf)
<use appendices_files/B3.pdf, page 12>
File: appendices_files/B3.pdf Graphic file (type pdf)
<use appendices_files/B3.pdf, page 12>
File: appendices_files/B3.pdf Graphic file (type pdf)
<use appendices_files/B3.pdf, page 12>
[204]
File: appendices_files/B3.pdf Graphic file (type pdf)
<use appendices_files/B3.pdf, page 13>
File: appendices_files/B3.pdf Graphic file (type pdf)
<use appendices_files/B3.pdf, page 13>
File: appendices_files/B3.pdf Graphic file (type pdf)
<use appendices_files/B3.pdf, page 13>
[205]
File: appendices_files/B4.png Graphic file (type bmp)
<appendices_files/B4.png>
File: appendices_files/B5.pdf Graphic file (type pdf)
<use appendices_files/B5.pdf>
File: appendices_files/B5.pdf Graphic file (type pdf)
<use appendices_files/B5.pdf>
[206]
File: appendices_files/B5.pdf Graphic file (type pdf)
<use appendices_files/B5.pdf, page 1>
File: appendices_files/B5.pdf Graphic file (type pdf)
<use appendices_files/B5.pdf, page 1>
File: appendices_files/B5.pdf Graphic file (type pdf)
<use appendices_files/B5.pdf, page 1>
[207]
File: appendices_files/B5.pdf Graphic file (type pdf)
<use appendices_files/B5.pdf, page 2>
File: appendices_files/B5.pdf Graphic file (type pdf)
<use appendices_files/B5.pdf, page 2>
File: appendices_files/B5.pdf Graphic file (type pdf)
<use appendices_files/B5.pdf, page 2>
[208]
File: appendices_files/B5.pdf Graphic file (type pdf)
<use appendices_files/B5.pdf, page 3>
File: appendices_files/B5.pdf Graphic file (type pdf)
<use appendices_files/B5.pdf, page 3>
File: appendices_files/B5.pdf Graphic file (type pdf)
<use appendices_files/B5.pdf, page 3>
[209]
File: appendices_files/B5.pdf Graphic file (type pdf)
<use appendices_files/B5.pdf, page 4>
File: appendices_files/B5.pdf Graphic file (type pdf)
<use appendices_files/B5.pdf, page 4>
File: appendices_files/B5.pdf Graphic file (type pdf)
<use appendices_files/B5.pdf, page 4>
[210]
File: appendices_files/B5.pdf Graphic file (type pdf)
<use appendices_files/B5.pdf, page 5>
File: appendices_files/B5.pdf Graphic file (type pdf)
<use appendices_files/B5.pdf, page 5>
File: appendices_files/B5.pdf Graphic file (type pdf)
<use appendices_files/B5.pdf, page 5>
[211]
File: appendices_files/B5.pdf Graphic file (type pdf)
<use appendices_files/B5.pdf, page 6>
File: appendices_files/B5.pdf Graphic file (type pdf)
<use appendices_files/B5.pdf, page 6>
File: appendices_files/B5.pdf Graphic file (type pdf)
<use appendices_files/B5.pdf, page 6>
[212]
File: appendices_files/B5.pdf Graphic file (type pdf)
<use appendices_files/B5.pdf, page 7>
File: appendices_files/B5.pdf Graphic file (type pdf)
<use appendices_files/B5.pdf, page 7>
File: appendices_files/B5.pdf Graphic file (type pdf)
<use appendices_files/B5.pdf, page 7>
[213]
File: appendices_files/B5.pdf Graphic file (type pdf)
<use appendices_files/B5.pdf, page 8>
File: appendices_files/B5.pdf Graphic file (type pdf)
<use appendices_files/B5.pdf, page 8>
File: appendices_files/B5.pdf Graphic file (type pdf)
<use appendices_files/B5.pdf, page 8>
[214]
File: appendices_files/B5.pdf Graphic file (type pdf)
<use appendices_files/B5.pdf, page 9>
File: appendices_files/B5.pdf Graphic file (type pdf)
<use appendices_files/B5.pdf, page 9>
File: appendices_files/B5.pdf Graphic file (type pdf)
<use appendices_files/B5.pdf, page 9>
[215]
File: appendices_files/B5.pdf Graphic file (type pdf)
<use appendices_files/B5.pdf, page 10>
File: appendices_files/B5.pdf Graphic file (type pdf)
<use appendices_files/B5.pdf, page 10>
File: appendices_files/B5.pdf Graphic file (type pdf)
<use appendices_files/B5.pdf, page 10>
[216]
File: appendices_files/B5.pdf Graphic file (type pdf)
<use appendices_files/B5.pdf, page 11>
File: appendices_files/B5.pdf Graphic file (type pdf)
<use appendices_files/B5.pdf, page 11>
File: appendices_files/B5.pdf Graphic file (type pdf)
<use appendices_files/B5.pdf, page 11>
[217]
File: appendices_files/B5.pdf Graphic file (type pdf)
<use appendices_files/B5.pdf, page 12>
File: appendices_files/B5.pdf Graphic file (type pdf)
<use appendices_files/B5.pdf, page 12>
File: appendices_files/B5.pdf Graphic file (type pdf)
<use appendices_files/B5.pdf, page 12>
[218]
File: appendices_files/B5.pdf Graphic file (type pdf)
<use appendices_files/B5.pdf, page 13>
File: appendices_files/B5.pdf Graphic file (type pdf)
<use appendices_files/B5.pdf, page 13>
File: appendices_files/B5.pdf Graphic file (type pdf)
<use appendices_files/B5.pdf, page 13>
[219]
File: appendices_files/B5.pdf Graphic file (type pdf)
<use appendices_files/B5.pdf, page 14>
File: appendices_files/B5.pdf Graphic file (type pdf)
<use appendices_files/B5.pdf, page 14>
File: appendices_files/B5.pdf Graphic file (type pdf)
<use appendices_files/B5.pdf, page 14>
[220]
File: appendices_files/B5.pdf Graphic file (type pdf)
<use appendices_files/B5.pdf, page 15>
File: appendices_files/B5.pdf Graphic file (type pdf)
<use appendices_files/B5.pdf, page 15>
File: appendices_files/B5.pdf Graphic file (type pdf)
<use appendices_files/B5.pdf, page 15>
[221]
File: appendices_files/B5.pdf Graphic file (type pdf)
<use appendices_files/B5.pdf, page 16>
File: appendices_files/B5.pdf Graphic file (type pdf)
<use appendices_files/B5.pdf, page 16>
File: appendices_files/B5.pdf Graphic file (type pdf)
<use appendices_files/B5.pdf, page 16>
[222]
File: appendices_files/B5.pdf Graphic file (type pdf)
<use appendices_files/B5.pdf, page 17>
File: appendices_files/B5.pdf Graphic file (type pdf)
<use appendices_files/B5.pdf, page 17>
File: appendices_files/B5.pdf Graphic file (type pdf)
<use appendices_files/B5.pdf, page 17>
[223]
File: appendices_files/B5.pdf Graphic file (type pdf)
<use appendices_files/B5.pdf, page 18>
File: appendices_files/B5.pdf Graphic file (type pdf)
<use appendices_files/B5.pdf, page 18>
File: appendices_files/B5.pdf Graphic file (type pdf)
<use appendices_files/B5.pdf, page 18>
[224]
File: appendices_files/B5.pdf Graphic file (type pdf)
<use appendices_files/B5.pdf, page 19>
File: appendices_files/B5.pdf Graphic file (type pdf)
<use appendices_files/B5.pdf, page 19>
File: appendices_files/B5.pdf Graphic file (type pdf)
<use appendices_files/B5.pdf, page 19>
[225]
File: appendices_files/B5.pdf Graphic file (type pdf)
<use appendices_files/B5.pdf, page 20>
File: appendices_files/B5.pdf Graphic file (type pdf)
<use appendices_files/B5.pdf, page 20>
File: appendices_files/B5.pdf Graphic file (type pdf)
<use appendices_files/B5.pdf, page 20>
[226]
File: appendices_files/B5.pdf Graphic file (type pdf)
<use appendices_files/B5.pdf, page 21>
File: appendices_files/B5.pdf Graphic file (type pdf)
<use appendices_files/B5.pdf, page 21>
File: appendices_files/B5.pdf Graphic file (type pdf)
<use appendices_files/B5.pdf, page 21>
[227]
File: appendices_files/B6.png Graphic file (type bmp)
<appendices_files/B6.png>
File: appendices_files/C1.png Graphic file (type bmp)
<appendices_files/C1.png>
[228]
File: appendices_files/C2-1.png Graphic file (type bmp)
<appendices_files/C2-1.png>
[229]
File: appendices_files/C2-2.png Graphic file (type bmp)
<appendices_files/C2-2.png>
[230]
File: appendices_files/C2-3.png Graphic file (type bmp)
<appendices_files/C2-3.png>
[231] [232]
File: appendices_files/C3-1.pdf Graphic file (type pdf)
<use appendices_files/C3-1.pdf>
File: appendices_files/C3-1.pdf Graphic file (type pdf)
<use appendices_files/C3-1.pdf>
[233]
File: appendices_files/C3-1.pdf Graphic file (type pdf)
<use appendices_files/C3-1.pdf, page 1>
File: appendices_files/C3-1.pdf Graphic file (type pdf)
<use appendices_files/C3-1.pdf, page 1>
File: appendices_files/C3-1.pdf Graphic file (type pdf)
<use appendices_files/C3-1.pdf, page 1>
[234]
File: appendices_files/C3-2.pdf Graphic file (type pdf)
<use appendices_files/C3-2.pdf>
File: appendices_files/C3-2.pdf Graphic file (type pdf)
<use appendices_files/C3-2.pdf>
[235]
File: appendices_files/C3-2.pdf Graphic file (type pdf)
<use appendices_files/C3-2.pdf, page 1>
File: appendices_files/C3-2.pdf Graphic file (type pdf)
<use appendices_files/C3-2.pdf, page 1>
File: appendices_files/C3-2.pdf Graphic file (type pdf)
<use appendices_files/C3-2.pdf, page 1>
[236]
File: appendices_files/C3-3.pdf Graphic file (type pdf)
<use appendices_files/C3-3.pdf>
File: appendices_files/C3-3.pdf Graphic file (type pdf)
<use appendices_files/C3-3.pdf>
[237]
File: appendices_files/C3-3.pdf Graphic file (type pdf)
<use appendices_files/C3-3.pdf, page 1>
File: appendices_files/C3-3.pdf Graphic file (type pdf)
<use appendices_files/C3-3.pdf, page 1>
File: appendices_files/C3-3.pdf Graphic file (type pdf)
<use appendices_files/C3-3.pdf, page 1>
[238]
File: appendices_files/C4-1.png Graphic file (type bmp)
<appendices_files/C4-1.png>
[239]
File: appendices_files/C4-2.png Graphic file (type bmp)
<appendices_files/C4-2.png>
[240] (./thesis.aux)
 ***********
LaTeX2e <2023-06-01> patch level 1
L3 programming layer <2023-06-30>
 ***********
 ) 
Here is how much of TeX's memory you used:
 23852 strings out of 477868
 452968 string characters out of 5820671
 1943869 words of memory out of 5000000
 44326 multiletter control sequences out of 15000+600000
 565191 words of font info for 102 fonts, out of 8000000 for 9000
 14 hyphenation exceptions out of 8191
 90i,19n,120p,3215b,569s stack positions out of 10000i,1000n,20000p,200000b,200000s

Output written on thesis.pdf (241 pages).
